[ 2018-05-17T21:58:10+08:00 ] 127.0.0.1 /dailyUp/admin.php
INFO: [ app_begin ] --START--
INFO: ReadHtmlCache Behavior ::run [ RunTime:0.010163s ]
INFO: [ app_begin ] --END-- [ RunTime:0.010276s ]
INFO: [ view_parse ] --START--
INFO: ParseTemplate Behavior ::run [ RunTime:0.052244s ]
INFO: [ view_parse ] --END-- [ RunTime:0.052367s ]
INFO: [ view_filter ] --START--
INFO: ContentReplace Behavior ::run [ RunTime:0.002862s ]
INFO: TokenBuild Behavior ::run [ RunTime:0.002206s ]
INFO: WriteHtmlCache Behavior ::run [ RunTime:0.001687s ]
INFO: ShowRuntime Behavior ::run [ RunTime:0.001869s ]
INFO: [ view_filter ] --END-- [ RunTime:0.008870s ]
INFO: [ view_end ] --START--
INFO: ShowPageTrace Behavior ::run [ RunTime:0.011470s ]
INFO: [ view_end ] --END-- [ RunTime:0.011587s ]

[ 2018-05-17T21:58:10+08:00 ] 127.0.0.1 /dailyUp/admin.php/Index/left
INFO: [ route_check ] --START--
INFO: CheckRoute Behavior ::run [ RunTime:0.020026s ]
INFO: [ route_check ] --END-- [ RunTime:0.020159s ]
INFO: [ app_begin ] --START--
INFO: ReadHtmlCache Behavior ::run [ RunTime:0.001872s ]
INFO: [ app_begin ] --END-- [ RunTime:0.001984s ]
NOTIC: [8] Constant THEME_NAME already defined C:\AppServ\www\dailyUp\ThinkPHP\Lib\Core\View.class.php 第 223 行.
NOTIC: [8] Constant THEME_PATH already defined C:\AppServ\www\dailyUp\ThinkPHP\Lib\Core\View.class.php 第 174 行.
NOTIC: [8] Constant APP_TMPL_PATH already defined C:\AppServ\www\dailyUp\ThinkPHP\Lib\Core\View.class.php 第 175 行.
INFO: [ view_parse ] --START--
NOTIC: [8] Undefined index:  username C:\AppServ\www\dailyUp\Admin\Runtime\Cache\32ab8e8c53f1d3a4ec4914ac5a4844a9.php 第 46 行.
INFO: ParseTemplate Behavior ::run [ RunTime:0.038528s ]
INFO: [ view_parse ] --END-- [ RunTime:0.038615s ]
INFO: [ view_filter ] --START--
INFO: ContentReplace Behavior ::run [ RunTime:0.001112s ]
INFO: TokenBuild Behavior ::run [ RunTime:0.001007s ]
INFO: WriteHtmlCache Behavior ::run [ RunTime:0.000898s ]
INFO: ShowRuntime Behavior ::run [ RunTime:0.001356s ]
INFO: [ view_filter ] --END-- [ RunTime:0.004570s ]
INFO: [ view_end ] --START--
INFO: ShowPageTrace Behavior ::run [ RunTime:0.001489s ]
INFO: [ view_end ] --END-- [ RunTime:0.001576s ]

[ 2018-05-17T21:58:10+08:00 ] 127.0.0.1 /dailyUp/admin.php/Index/right
INFO: [ route_check ] --START--
INFO: CheckRoute Behavior ::run [ RunTime:0.011096s ]
INFO: [ route_check ] --END-- [ RunTime:0.011263s ]
INFO: [ app_begin ] --START--
INFO: ReadHtmlCache Behavior ::run [ RunTime:0.002104s ]
INFO: [ app_begin ] --END-- [ RunTime:0.002235s ]
NOTIC: [8] Constant THEME_NAME already defined C:\AppServ\www\dailyUp\ThinkPHP\Lib\Core\View.class.php 第 223 行.
NOTIC: [8] Constant THEME_PATH already defined C:\AppServ\www\dailyUp\ThinkPHP\Lib\Core\View.class.php 第 174 行.
NOTIC: [8] Constant APP_TMPL_PATH already defined C:\AppServ\www\dailyUp\ThinkPHP\Lib\Core\View.class.php 第 175 行.
INFO: [ view_parse ] --START--
INFO: ParseTemplate Behavior ::run [ RunTime:0.024051s ]
INFO: [ view_parse ] --END-- [ RunTime:0.024248s ]
INFO: [ view_filter ] --START--
INFO: ContentReplace Behavior ::run [ RunTime:0.002229s ]
INFO: TokenBuild Behavior ::run [ RunTime:0.001618s ]
INFO: WriteHtmlCache Behavior ::run [ RunTime:0.000987s ]
INFO: ShowRuntime Behavior ::run [ RunTime:0.001503s ]
INFO: [ view_filter ] --END-- [ RunTime:0.006655s ]
INFO: [ view_end ] --START--
INFO: ShowPageTrace Behavior ::run [ RunTime:0.001815s ]
INFO: [ view_end ] --END-- [ RunTime:0.001915s ]

[ 2018-05-17T21:58:11+08:00 ] 127.0.0.1 /dailyUp/admin.php/Index/top
INFO: [ route_check ] --START--
INFO: CheckRoute Behavior ::run [ RunTime:0.024126s ]
INFO: [ route_check ] --END-- [ RunTime:0.024291s ]
INFO: [ app_begin ] --START--
INFO: ReadHtmlCache Behavior ::run [ RunTime:0.002715s ]
INFO: [ app_begin ] --END-- [ RunTime:0.002848s ]
NOTIC: [8] Constant THEME_NAME already defined C:\AppServ\www\dailyUp\ThinkPHP\Lib\Core\View.class.php 第 223 行.
NOTIC: [8] Constant THEME_PATH already defined C:\AppServ\www\dailyUp\ThinkPHP\Lib\Core\View.class.php 第 174 行.
NOTIC: [8] Constant APP_TMPL_PATH already defined C:\AppServ\www\dailyUp\ThinkPHP\Lib\Core\View.class.php 第 175 行.
INFO: [ view_parse ] --START--
INFO: ParseTemplate Behavior ::run [ RunTime:0.045672s ]
INFO: [ view_parse ] --END-- [ RunTime:0.045872s ]
INFO: [ view_filter ] --START--
INFO: ContentReplace Behavior ::run [ RunTime:0.002292s ]
INFO: TokenBuild Behavior ::run [ RunTime:0.001635s ]
INFO: WriteHtmlCache Behavior ::run [ RunTime:0.001374s ]
INFO: ShowRuntime Behavior ::run [ RunTime:0.001529s ]
INFO: [ view_filter ] --END-- [ RunTime:0.007119s ]
INFO: [ view_end ] --START--
INFO: ShowPageTrace Behavior ::run [ RunTime:0.001446s ]
INFO: [ view_end ] --END-- [ RunTime:0.001515s ]

[ 2018-05-17T22:04:58+08:00 ] 127.0.0.1 /dailyUp/admin.php
INFO: [ app_begin ] --START--
INFO: ReadHtmlCache Behavior ::run [ RunTime:0.001906s ]
INFO: [ app_begin ] --END-- [ RunTime:0.002039s ]
INFO: [ view_parse ] --START--
INFO: ParseTemplate Behavior ::run [ RunTime:0.021571s ]
INFO: [ view_parse ] --END-- [ RunTime:0.021743s ]
INFO: [ view_filter ] --START--
INFO: ContentReplace Behavior ::run [ RunTime:0.001507s ]
INFO: TokenBuild Behavior ::run [ RunTime:0.001560s ]
INFO: WriteHtmlCache Behavior ::run [ RunTime:0.003074s ]
INFO: ShowRuntime Behavior ::run [ RunTime:0.002373s ]
INFO: [ view_filter ] --END-- [ RunTime:0.008830s ]
INFO: [ view_end ] --START--
INFO: ShowPageTrace Behavior ::run [ RunTime:0.002052s ]
INFO: [ view_end ] --END-- [ RunTime:0.002178s ]

[ 2018-05-17T22:04:58+08:00 ] 127.0.0.1 /dailyUp/admin.php/Index/top
INFO: [ route_check ] --START--
INFO: CheckRoute Behavior ::run [ RunTime:0.001956s ]
INFO: [ route_check ] --END-- [ RunTime:0.002082s ]
INFO: [ app_begin ] --START--
INFO: ReadHtmlCache Behavior ::run [ RunTime:0.001177s ]
INFO: [ app_begin ] --END-- [ RunTime:0.001273s ]
NOTIC: [8] Constant THEME_NAME already defined C:\AppServ\www\dailyUp\ThinkPHP\Lib\Core\View.class.php 第 223 行.
NOTIC: [8] Constant THEME_PATH already defined C:\AppServ\www\dailyUp\ThinkPHP\Lib\Core\View.class.php 第 174 行.
NOTIC: [8] Constant APP_TMPL_PATH already defined C:\AppServ\www\dailyUp\ThinkPHP\Lib\Core\View.class.php 第 175 行.
INFO: [ view_parse ] --START--
INFO: ParseTemplate Behavior ::run [ RunTime:0.017710s ]
INFO: [ view_parse ] --END-- [ RunTime:0.017949s ]
INFO: [ view_filter ] --START--
INFO: ContentReplace Behavior ::run [ RunTime:0.002746s ]
INFO: TokenBuild Behavior ::run [ RunTime:0.002746s ]
INFO: WriteHtmlCache Behavior ::run [ RunTime:0.003087s ]
INFO: ShowRuntime Behavior ::run [ RunTime:0.001942s ]
INFO: [ view_filter ] --END-- [ RunTime:0.011128s ]
INFO: [ view_end ] --START--
INFO: ShowPageTrace Behavior ::run [ RunTime:0.001806s ]
INFO: [ view_end ] --END-- [ RunTime:0.001988s ]

[ 2018-05-17T22:04:58+08:00 ] 127.0.0.1 /dailyUp/admin.php/Index/left
INFO: [ route_check ] --START--
INFO: CheckRoute Behavior ::run [ RunTime:0.002368s ]
INFO: [ route_check ] --END-- [ RunTime:0.002603s ]
INFO: [ app_begin ] --START--
INFO: ReadHtmlCache Behavior ::run [ RunTime:0.001345s ]
INFO: [ app_begin ] --END-- [ RunTime:0.001483s ]
NOTIC: [8] Constant THEME_NAME already defined C:\AppServ\www\dailyUp\ThinkPHP\Lib\Core\View.class.php 第 223 行.
NOTIC: [8] Constant THEME_PATH already defined C:\AppServ\www\dailyUp\ThinkPHP\Lib\Core\View.class.php 第 174 行.
NOTIC: [8] Constant APP_TMPL_PATH already defined C:\AppServ\www\dailyUp\ThinkPHP\Lib\Core\View.class.php 第 175 行.
INFO: [ view_parse ] --START--
NOTIC: [8] Undefined index:  username C:\AppServ\www\dailyUp\Admin\Runtime\Cache\32ab8e8c53f1d3a4ec4914ac5a4844a9.php 第 46 行.
INFO: ParseTemplate Behavior ::run [ RunTime:0.024262s ]
INFO: [ view_parse ] --END-- [ RunTime:0.024356s ]
INFO: [ view_filter ] --START--
INFO: ContentReplace Behavior ::run [ RunTime:0.001091s ]
INFO: TokenBuild Behavior ::run [ RunTime:0.001244s ]
INFO: WriteHtmlCache Behavior ::run [ RunTime:0.000867s ]
INFO: ShowRuntime Behavior ::run [ RunTime:0.001030s ]
INFO: [ view_filter ] --END-- [ RunTime:0.004448s ]
INFO: [ view_end ] --START--
INFO: ShowPageTrace Behavior ::run [ RunTime:0.001685s ]
INFO: [ view_end ] --END-- [ RunTime:0.001818s ]

[ 2018-05-17T22:04:58+08:00 ] 127.0.0.1 /dailyUp/admin.php/Index/right
INFO: [ route_check ] --START--
INFO: CheckRoute Behavior ::run [ RunTime:0.002384s ]
INFO: [ route_check ] --END-- [ RunTime:0.002501s ]
INFO: [ app_begin ] --START--
INFO: ReadHtmlCache Behavior ::run [ RunTime:0.003277s ]
INFO: [ app_begin ] --END-- [ RunTime:0.003452s ]
NOTIC: [8] Constant THEME_NAME already defined C:\AppServ\www\dailyUp\ThinkPHP\Lib\Core\View.class.php 第 223 行.
NOTIC: [8] Constant THEME_PATH already defined C:\AppServ\www\dailyUp\ThinkPHP\Lib\Core\View.class.php 第 174 行.
NOTIC: [8] Constant APP_TMPL_PATH already defined C:\AppServ\www\dailyUp\ThinkPHP\Lib\Core\View.class.php 第 175 行.
INFO: [ view_parse ] --START--
INFO: ParseTemplate Behavior ::run [ RunTime:0.028506s ]
INFO: [ view_parse ] --END-- [ RunTime:0.028721s ]
INFO: [ view_filter ] --START--
INFO: ContentReplace Behavior ::run [ RunTime:0.002089s ]
INFO: TokenBuild Behavior ::run [ RunTime:0.003293s ]
INFO: WriteHtmlCache Behavior ::run [ RunTime:0.004203s ]
INFO: ShowRuntime Behavior ::run [ RunTime:0.002823s ]
INFO: [ view_filter ] --END-- [ RunTime:0.012847s ]
INFO: [ view_end ] --START--
INFO: ShowPageTrace Behavior ::run [ RunTime:0.002330s ]
INFO: [ view_end ] --END-- [ RunTime:0.002418s ]

[ 2018-05-17T22:07:40+08:00 ] 127.0.0.1 /dailyUp/admin.php
INFO: [ app_begin ] --START--
INFO: ReadHtmlCache Behavior ::run [ RunTime:0.001684s ]
INFO: [ app_begin ] --END-- [ RunTime:0.001786s ]
INFO: [ view_parse ] --START--
INFO: ParseTemplate Behavior ::run [ RunTime:0.014903s ]
INFO: [ view_parse ] --END-- [ RunTime:0.015013s ]
INFO: [ view_filter ] --START--
INFO: ContentReplace Behavior ::run [ RunTime:0.001471s ]
INFO: TokenBuild Behavior ::run [ RunTime:0.001515s ]
INFO: WriteHtmlCache Behavior ::run [ RunTime:0.001334s ]
INFO: ShowRuntime Behavior ::run [ RunTime:0.001559s ]
INFO: [ view_filter ] --END-- [ RunTime:0.006109s ]
INFO: [ view_end ] --START--
INFO: ShowPageTrace Behavior ::run [ RunTime:0.001903s ]
INFO: [ view_end ] --END-- [ RunTime:0.001988s ]

[ 2018-05-17T22:07:40+08:00 ] 127.0.0.1 /dailyUp/admin.php/Index/top
INFO: [ route_check ] --START--
INFO: CheckRoute Behavior ::run [ RunTime:0.004372s ]
INFO: [ route_check ] --END-- [ RunTime:0.004643s ]
INFO: [ app_begin ] --START--
INFO: ReadHtmlCache Behavior ::run [ RunTime:0.002130s ]
INFO: [ app_begin ] --END-- [ RunTime:0.002297s ]
NOTIC: [8] Constant THEME_NAME already defined C:\AppServ\www\dailyUp\ThinkPHP\Lib\Core\View.class.php 第 223 行.
NOTIC: [8] Constant THEME_PATH already defined C:\AppServ\www\dailyUp\ThinkPHP\Lib\Core\View.class.php 第 174 行.
NOTIC: [8] Constant APP_TMPL_PATH already defined C:\AppServ\www\dailyUp\ThinkPHP\Lib\Core\View.class.php 第 175 行.
INFO: [ view_parse ] --START--
INFO: ParseTemplate Behavior ::run [ RunTime:0.015029s ]
INFO: [ view_parse ] --END-- [ RunTime:0.015654s ]
INFO: [ view_filter ] --START--
INFO: ContentReplace Behavior ::run [ RunTime:0.003060s ]
INFO: TokenBuild Behavior ::run [ RunTime:0.002116s ]
INFO: WriteHtmlCache Behavior ::run [ RunTime:0.001282s ]
INFO: ShowRuntime Behavior ::run [ RunTime:0.001194s ]
INFO: [ view_filter ] --END-- [ RunTime:0.008048s ]
INFO: [ view_end ] --START--
INFO: ShowPageTrace Behavior ::run [ RunTime:0.001315s ]
INFO: [ view_end ] --END-- [ RunTime:0.001392s ]

[ 2018-05-17T22:07:40+08:00 ] 127.0.0.1 /dailyUp/admin.php/Index/left
INFO: [ route_check ] --START--
INFO: CheckRoute Behavior ::run [ RunTime:0.002146s ]
INFO: [ route_check ] --END-- [ RunTime:0.002586s ]
INFO: [ app_begin ] --START--
INFO: ReadHtmlCache Behavior ::run [ RunTime:0.002515s ]
INFO: [ app_begin ] --END-- [ RunTime:0.002730s ]
NOTIC: [8] Constant THEME_NAME already defined C:\AppServ\www\dailyUp\ThinkPHP\Lib\Core\View.class.php 第 223 行.
NOTIC: [8] Constant THEME_PATH already defined C:\AppServ\www\dailyUp\ThinkPHP\Lib\Core\View.class.php 第 174 行.
NOTIC: [8] Constant APP_TMPL_PATH already defined C:\AppServ\www\dailyUp\ThinkPHP\Lib\Core\View.class.php 第 175 行.
INFO: [ view_parse ] --START--
NOTIC: [8] Undefined index:  username C:\AppServ\www\dailyUp\Admin\Runtime\Cache\32ab8e8c53f1d3a4ec4914ac5a4844a9.php 第 46 行.
INFO: ParseTemplate Behavior ::run [ RunTime:0.016446s ]
INFO: [ view_parse ] --END-- [ RunTime:0.016544s ]
INFO: [ view_filter ] --START--
INFO: ContentReplace Behavior ::run [ RunTime:0.000999s ]
INFO: TokenBuild Behavior ::run [ RunTime:0.000937s ]
INFO: WriteHtmlCache Behavior ::run [ RunTime:0.000817s ]
INFO: ShowRuntime Behavior ::run [ RunTime:0.001002s ]
INFO: [ view_filter ] --END-- [ RunTime:0.003939s ]
INFO: [ view_end ] --START--
INFO: ShowPageTrace Behavior ::run [ RunTime:0.001530s ]
INFO: [ view_end ] --END-- [ RunTime:0.001656s ]

[ 2018-05-17T22:07:40+08:00 ] 127.0.0.1 /dailyUp/admin.php/Index/right
INFO: [ route_check ] --START--
INFO: CheckRoute Behavior ::run [ RunTime:0.002477s ]
INFO: [ route_check ] --END-- [ RunTime:0.002682s ]
INFO: [ app_begin ] --START--
INFO: ReadHtmlCache Behavior ::run [ RunTime:0.001935s ]
INFO: [ app_begin ] --END-- [ RunTime:0.002109s ]
NOTIC: [8] Constant THEME_NAME already defined C:\AppServ\www\dailyUp\ThinkPHP\Lib\Core\View.class.php 第 223 行.
NOTIC: [8] Constant THEME_PATH already defined C:\AppServ\www\dailyUp\ThinkPHP\Lib\Core\View.class.php 第 174 行.
NOTIC: [8] Constant APP_TMPL_PATH already defined C:\AppServ\www\dailyUp\ThinkPHP\Lib\Core\View.class.php 第 175 行.
INFO: [ view_parse ] --START--
INFO: ParseTemplate Behavior ::run [ RunTime:0.021768s ]
INFO: [ view_parse ] --END-- [ RunTime:0.021960s ]
INFO: [ view_filter ] --START--
INFO: ContentReplace Behavior ::run [ RunTime:0.001467s ]
INFO: TokenBuild Behavior ::run [ RunTime:0.001364s ]
INFO: WriteHtmlCache Behavior ::run [ RunTime:0.001059s ]
INFO: ShowRuntime Behavior ::run [ RunTime:0.001041s ]
INFO: [ view_filter ] --END-- [ RunTime:0.005184s ]
INFO: [ view_end ] --START--
INFO: ShowPageTrace Behavior ::run [ RunTime:0.002231s ]
INFO: [ view_end ] --END-- [ RunTime:0.002410s ]

[ 2018-05-17T22:08:13+08:00 ] 127.0.0.1 /dailyUp/admin.php
INFO: [ app_begin ] --START--
INFO: ReadHtmlCache Behavior ::run [ RunTime:0.001657s ]
INFO: [ app_begin ] --END-- [ RunTime:0.001766s ]
INFO: [ view_parse ] --START--
INFO: ParseTemplate Behavior ::run [ RunTime:0.018906s ]
INFO: [ view_parse ] --END-- [ RunTime:0.019117s ]
INFO: [ view_filter ] --START--
INFO: ContentReplace Behavior ::run [ RunTime:0.002477s ]
INFO: TokenBuild Behavior ::run [ RunTime:0.001937s ]
INFO: WriteHtmlCache Behavior ::run [ RunTime:0.001373s ]
INFO: ShowRuntime Behavior ::run [ RunTime:0.001504s ]
INFO: [ view_filter ] --END-- [ RunTime:0.007566s ]
INFO: [ view_end ] --START--
INFO: ShowPageTrace Behavior ::run [ RunTime:0.001624s ]
INFO: [ view_end ] --END-- [ RunTime:0.001692s ]

[ 2018-05-17T22:08:13+08:00 ] 127.0.0.1 /dailyUp/admin.php/Index/top
INFO: [ route_check ] --START--
INFO: CheckRoute Behavior ::run [ RunTime:0.001882s ]
INFO: [ route_check ] --END-- [ RunTime:0.002010s ]
INFO: [ app_begin ] --START--
INFO: ReadHtmlCache Behavior ::run [ RunTime:0.002024s ]
INFO: [ app_begin ] --END-- [ RunTime:0.002246s ]
NOTIC: [8] Constant THEME_NAME already defined C:\AppServ\www\dailyUp\ThinkPHP\Lib\Core\View.class.php 第 223 行.
NOTIC: [8] Constant THEME_PATH already defined C:\AppServ\www\dailyUp\ThinkPHP\Lib\Core\View.class.php 第 174 行.
NOTIC: [8] Constant APP_TMPL_PATH already defined C:\AppServ\www\dailyUp\ThinkPHP\Lib\Core\View.class.php 第 175 行.
INFO: [ view_parse ] --START--
INFO: ParseTemplate Behavior ::run [ RunTime:0.024393s ]
INFO: [ view_parse ] --END-- [ RunTime:0.024787s ]
INFO: [ view_filter ] --START--
INFO: ContentReplace Behavior ::run [ RunTime:0.003127s ]
INFO: TokenBuild Behavior ::run [ RunTime:0.001316s ]
INFO: WriteHtmlCache Behavior ::run [ RunTime:0.001260s ]
INFO: ShowRuntime Behavior ::run [ RunTime:0.001280s ]
INFO: [ view_filter ] --END-- [ RunTime:0.007322s ]
INFO: [ view_end ] --START--
INFO: ShowPageTrace Behavior ::run [ RunTime:0.001187s ]
INFO: [ view_end ] --END-- [ RunTime:0.001262s ]

[ 2018-05-17T22:08:13+08:00 ] 127.0.0.1 /dailyUp/admin.php/Index/left
INFO: [ route_check ] --START--
INFO: CheckRoute Behavior ::run [ RunTime:0.002363s ]
INFO: [ route_check ] --END-- [ RunTime:0.002564s ]
INFO: [ app_begin ] --START--
INFO: ReadHtmlCache Behavior ::run [ RunTime:0.002339s ]
INFO: [ app_begin ] --END-- [ RunTime:0.002531s ]
NOTIC: [8] Constant THEME_NAME already defined C:\AppServ\www\dailyUp\ThinkPHP\Lib\Core\View.class.php 第 223 行.
NOTIC: [8] Constant THEME_PATH already defined C:\AppServ\www\dailyUp\ThinkPHP\Lib\Core\View.class.php 第 174 行.
NOTIC: [8] Constant APP_TMPL_PATH already defined C:\AppServ\www\dailyUp\ThinkPHP\Lib\Core\View.class.php 第 175 行.
INFO: [ view_parse ] --START--
NOTIC: [8] Undefined index:  username C:\AppServ\www\dailyUp\Admin\Runtime\Cache\32ab8e8c53f1d3a4ec4914ac5a4844a9.php 第 46 行.
INFO: ParseTemplate Behavior ::run [ RunTime:0.027478s ]
INFO: [ view_parse ] --END-- [ RunTime:0.027673s ]
INFO: [ view_filter ] --START--
INFO: ContentReplace Behavior ::run [ RunTime:0.001525s ]
INFO: TokenBuild Behavior ::run [ RunTime:0.001033s ]
INFO: WriteHtmlCache Behavior ::run [ RunTime:0.001026s ]
INFO: ShowRuntime Behavior ::run [ RunTime:0.001501s ]
INFO: [ view_filter ] --END-- [ RunTime:0.005363s ]
INFO: [ view_end ] --START--
INFO: ShowPageTrace Behavior ::run [ RunTime:0.001747s ]
INFO: [ view_end ] --END-- [ RunTime:0.001883s ]

[ 2018-05-17T22:08:14+08:00 ] 127.0.0.1 /dailyUp/admin.php/Index/right
INFO: [ route_check ] --START--
INFO: CheckRoute Behavior ::run [ RunTime:0.003094s ]
INFO: [ route_check ] --END-- [ RunTime:0.003278s ]
INFO: [ app_begin ] --START--
INFO: ReadHtmlCache Behavior ::run [ RunTime:0.003907s ]
INFO: [ app_begin ] --END-- [ RunTime:0.004123s ]
NOTIC: [8] Constant THEME_NAME already defined C:\AppServ\www\dailyUp\ThinkPHP\Lib\Core\View.class.php 第 223 行.
NOTIC: [8] Constant THEME_PATH already defined C:\AppServ\www\dailyUp\ThinkPHP\Lib\Core\View.class.php 第 174 行.
NOTIC: [8] Constant APP_TMPL_PATH already defined C:\AppServ\www\dailyUp\ThinkPHP\Lib\Core\View.class.php 第 175 行.
INFO: [ view_parse ] --START--
INFO: ParseTemplate Behavior ::run [ RunTime:0.019273s ]
INFO: [ view_parse ] --END-- [ RunTime:0.019379s ]
INFO: [ view_filter ] --START--
INFO: ContentReplace Behavior ::run [ RunTime:0.001415s ]
INFO: TokenBuild Behavior ::run [ RunTime:0.001351s ]
INFO: WriteHtmlCache Behavior ::run [ RunTime:0.001531s ]
INFO: ShowRuntime Behavior ::run [ RunTime:0.001917s ]
INFO: [ view_filter ] --END-- [ RunTime:0.006452s ]
INFO: [ view_end ] --START--
INFO: ShowPageTrace Behavior ::run [ RunTime:0.001707s ]
INFO: [ view_end ] --END-- [ RunTime:0.001807s ]

[ 2018-05-17T22:11:12+08:00 ] 127.0.0.1 /dailyUp/admin.php
INFO: [ app_begin ] --START--
INFO: ReadHtmlCache Behavior ::run [ RunTime:0.001672s ]
INFO: [ app_begin ] --END-- [ RunTime:0.001812s ]
INFO: [ view_parse ] --START--
INFO: ParseTemplate Behavior ::run [ RunTime:0.014698s ]
INFO: [ view_parse ] --END-- [ RunTime:0.014881s ]
INFO: [ view_filter ] --START--
INFO: ContentReplace Behavior ::run [ RunTime:0.001716s ]
INFO: TokenBuild Behavior ::run [ RunTime:0.001485s ]
INFO: WriteHtmlCache Behavior ::run [ RunTime:0.001730s ]
INFO: ShowRuntime Behavior ::run [ RunTime:0.001641s ]
INFO: [ view_filter ] --END-- [ RunTime:0.006849s ]
INFO: [ view_end ] --START--
INFO: ShowPageTrace Behavior ::run [ RunTime:0.002877s ]
INFO: [ view_end ] --END-- [ RunTime:0.003000s ]

[ 2018-05-17T22:11:12+08:00 ] 127.0.0.1 /dailyUp/admin.php/Index/top
INFO: [ route_check ] --START--
INFO: CheckRoute Behavior ::run [ RunTime:0.002145s ]
INFO: [ route_check ] --END-- [ RunTime:0.002306s ]
INFO: [ app_begin ] --START--
INFO: ReadHtmlCache Behavior ::run [ RunTime:0.001976s ]
INFO: [ app_begin ] --END-- [ RunTime:0.002099s ]
NOTIC: [8] Constant THEME_NAME already defined C:\AppServ\www\dailyUp\ThinkPHP\Lib\Core\View.class.php 第 223 行.
NOTIC: [8] Constant THEME_PATH already defined C:\AppServ\www\dailyUp\ThinkPHP\Lib\Core\View.class.php 第 174 行.
NOTIC: [8] Constant APP_TMPL_PATH already defined C:\AppServ\www\dailyUp\ThinkPHP\Lib\Core\View.class.php 第 175 行.
INFO: [ view_parse ] --START--
INFO: ParseTemplate Behavior ::run [ RunTime:0.012166s ]
INFO: [ view_parse ] --END-- [ RunTime:0.012286s ]
INFO: [ view_filter ] --START--
INFO: ContentReplace Behavior ::run [ RunTime:0.001014s ]
INFO: TokenBuild Behavior ::run [ RunTime:0.001502s ]
INFO: WriteHtmlCache Behavior ::run [ RunTime:0.002320s ]
INFO: ShowRuntime Behavior ::run [ RunTime:0.001523s ]
INFO: [ view_filter ] --END-- [ RunTime:0.006720s ]
INFO: [ view_end ] --START--
INFO: ShowPageTrace Behavior ::run [ RunTime:0.003381s ]
INFO: [ view_end ] --END-- [ RunTime:0.003749s ]

[ 2018-05-17T22:11:12+08:00 ] 127.0.0.1 /dailyUp/admin.php/Index/left
INFO: [ route_check ] --START--
INFO: CheckRoute Behavior ::run [ RunTime:0.002274s ]
INFO: [ route_check ] --END-- [ RunTime:0.002447s ]
INFO: [ app_begin ] --START--
INFO: ReadHtmlCache Behavior ::run [ RunTime:0.002365s ]
INFO: [ app_begin ] --END-- [ RunTime:0.002618s ]
NOTIC: [8] Constant THEME_NAME already defined C:\AppServ\www\dailyUp\ThinkPHP\Lib\Core\View.class.php 第 223 行.
NOTIC: [8] Constant THEME_PATH already defined C:\AppServ\www\dailyUp\ThinkPHP\Lib\Core\View.class.php 第 174 行.
NOTIC: [8] Constant APP_TMPL_PATH already defined C:\AppServ\www\dailyUp\ThinkPHP\Lib\Core\View.class.php 第 175 行.
INFO: [ view_parse ] --START--
NOTIC: [8] Undefined index:  username C:\AppServ\www\dailyUp\Admin\Runtime\Cache\32ab8e8c53f1d3a4ec4914ac5a4844a9.php 第 46 行.
INFO: ParseTemplate Behavior ::run [ RunTime:0.022629s ]
INFO: [ view_parse ] --END-- [ RunTime:0.022755s ]
INFO: [ view_filter ] --START--
INFO: ContentReplace Behavior ::run [ RunTime:0.000995s ]
INFO: TokenBuild Behavior ::run [ RunTime:0.000921s ]
INFO: WriteHtmlCache Behavior ::run [ RunTime:0.001289s ]
INFO: ShowRuntime Behavior ::run [ RunTime:0.001400s ]
INFO: [ view_filter ] --END-- [ RunTime:0.004864s ]
INFO: [ view_end ] --START--
INFO: ShowPageTrace Behavior ::run [ RunTime:0.001907s ]
INFO: [ view_end ] --END-- [ RunTime:0.002047s ]

[ 2018-05-17T22:11:12+08:00 ] 127.0.0.1 /dailyUp/admin.php/Index/right
INFO: [ route_check ] --START--
INFO: CheckRoute Behavior ::run [ RunTime:0.002663s ]
INFO: [ route_check ] --END-- [ RunTime:0.002858s ]
INFO: [ app_begin ] --START--
INFO: ReadHtmlCache Behavior ::run [ RunTime:0.002247s ]
INFO: [ app_begin ] --END-- [ RunTime:0.002450s ]
NOTIC: [8] Constant THEME_NAME already defined C:\AppServ\www\dailyUp\ThinkPHP\Lib\Core\View.class.php 第 223 行.
NOTIC: [8] Constant THEME_PATH already defined C:\AppServ\www\dailyUp\ThinkPHP\Lib\Core\View.class.php 第 174 行.
NOTIC: [8] Constant APP_TMPL_PATH already defined C:\AppServ\www\dailyUp\ThinkPHP\Lib\Core\View.class.php 第 175 行.
INFO: [ view_parse ] --START--
INFO: ParseTemplate Behavior ::run [ RunTime:0.015638s ]
INFO: [ view_parse ] --END-- [ RunTime:0.015774s ]
INFO: [ view_filter ] --START--
INFO: ContentReplace Behavior ::run [ RunTime:0.001298s ]
INFO: TokenBuild Behavior ::run [ RunTime:0.002014s ]
INFO: WriteHtmlCache Behavior ::run [ RunTime:0.000997s ]
INFO: ShowRuntime Behavior ::run [ RunTime:0.001011s ]
INFO: [ view_filter ] --END-- [ RunTime:0.005662s ]
INFO: [ view_end ] --START--
INFO: ShowPageTrace Behavior ::run [ RunTime:0.001136s ]
INFO: [ view_end ] --END-- [ RunTime:0.001202s ]

[ 2018-05-17T22:13:06+08:00 ] 127.0.0.1 /dailyUp/admin.php
INFO: [ app_begin ] --START--
INFO: ReadHtmlCache Behavior ::run [ RunTime:0.002009s ]
INFO: [ app_begin ] --END-- [ RunTime:0.002190s ]
INFO: [ view_parse ] --START--
INFO: ParseTemplate Behavior ::run [ RunTime:0.013979s ]
INFO: [ view_parse ] --END-- [ RunTime:0.014119s ]
INFO: [ view_filter ] --START--
INFO: ContentReplace Behavior ::run [ RunTime:0.001860s ]
INFO: TokenBuild Behavior ::run [ RunTime:0.001469s ]
INFO: WriteHtmlCache Behavior ::run [ RunTime:0.001850s ]
INFO: ShowRuntime Behavior ::run [ RunTime:0.001749s ]
INFO: [ view_filter ] --END-- [ RunTime:0.007246s ]
INFO: [ view_end ] --START--
INFO: ShowPageTrace Behavior ::run [ RunTime:0.001767s ]
INFO: [ view_end ] --END-- [ RunTime:0.001861s ]

[ 2018-05-17T22:13:06+08:00 ] 127.0.0.1 /dailyUp/admin.php/Index/top
INFO: [ route_check ] --START--
INFO: CheckRoute Behavior ::run [ RunTime:0.002697s ]
INFO: [ route_check ] --END-- [ RunTime:0.002846s ]
INFO: [ app_begin ] --START--
INFO: ReadHtmlCache Behavior ::run [ RunTime:0.003993s ]
INFO: [ app_begin ] --END-- [ RunTime:0.004329s ]
NOTIC: [8] Constant THEME_NAME already defined C:\AppServ\www\dailyUp\ThinkPHP\Lib\Core\View.class.php 第 223 行.
NOTIC: [8] Constant THEME_PATH already defined C:\AppServ\www\dailyUp\ThinkPHP\Lib\Core\View.class.php 第 174 行.
NOTIC: [8] Constant APP_TMPL_PATH already defined C:\AppServ\www\dailyUp\ThinkPHP\Lib\Core\View.class.php 第 175 行.
INFO: [ view_parse ] --START--
INFO: ParseTemplate Behavior ::run [ RunTime:0.016676s ]
INFO: [ view_parse ] --END-- [ RunTime:0.016861s ]
INFO: [ view_filter ] --START--
INFO: ContentReplace Behavior ::run [ RunTime:0.001295s ]
INFO: TokenBuild Behavior ::run [ RunTime:0.001878s ]
INFO: WriteHtmlCache Behavior ::run [ RunTime:0.001619s ]
INFO: ShowRuntime Behavior ::run [ RunTime:0.001848s ]
INFO: [ view_filter ] --END-- [ RunTime:0.007103s ]
INFO: [ view_end ] --START--
INFO: ShowPageTrace Behavior ::run [ RunTime:0.001452s ]
INFO: [ view_end ] --END-- [ RunTime:0.001548s ]

[ 2018-05-17T22:13:06+08:00 ] 127.0.0.1 /dailyUp/admin.php/Index/left
INFO: [ route_check ] --START--
INFO: CheckRoute Behavior ::run [ RunTime:0.001648s ]
INFO: [ route_check ] --END-- [ RunTime:0.001795s ]
INFO: [ app_begin ] --START--
INFO: ReadHtmlCache Behavior ::run [ RunTime:0.001420s ]
INFO: [ app_begin ] --END-- [ RunTime:0.001594s ]
NOTIC: [8] Constant THEME_NAME already defined C:\AppServ\www\dailyUp\ThinkPHP\Lib\Core\View.class.php 第 223 行.
NOTIC: [8] Constant THEME_PATH already defined C:\AppServ\www\dailyUp\ThinkPHP\Lib\Core\View.class.php 第 174 行.
NOTIC: [8] Constant APP_TMPL_PATH already defined C:\AppServ\www\dailyUp\ThinkPHP\Lib\Core\View.class.php 第 175 行.
INFO: [ view_parse ] --START--
NOTIC: [8] Undefined index:  username C:\AppServ\www\dailyUp\Admin\Runtime\Cache\32ab8e8c53f1d3a4ec4914ac5a4844a9.php 第 46 行.
INFO: ParseTemplate Behavior ::run [ RunTime:0.027122s ]
INFO: [ view_parse ] --END-- [ RunTime:0.027353s ]
INFO: [ view_filter ] --START--
INFO: ContentReplace Behavior ::run [ RunTime:0.001616s ]
INFO: TokenBuild Behavior ::run [ RunTime:0.001216s ]
INFO: WriteHtmlCache Behavior ::run [ RunTime:0.001028s ]
INFO: ShowRuntime Behavior ::run [ RunTime:0.001096s ]
INFO: [ view_filter ] --END-- [ RunTime:0.005257s ]
INFO: [ view_end ] --START--
INFO: ShowPageTrace Behavior ::run [ RunTime:0.001835s ]
INFO: [ view_end ] --END-- [ RunTime:0.001975s ]

[ 2018-05-17T22:13:06+08:00 ] 127.0.0.1 /dailyUp/admin.php/Index/right
INFO: [ route_check ] --START--
INFO: CheckRoute Behavior ::run [ RunTime:0.002446s ]
INFO: [ route_check ] --END-- [ RunTime:0.002587s ]
INFO: [ app_begin ] --START--
INFO: ReadHtmlCache Behavior ::run [ RunTime:0.002672s ]
INFO: [ app_begin ] --END-- [ RunTime:0.002912s ]
NOTIC: [8] Constant THEME_NAME already defined C:\AppServ\www\dailyUp\ThinkPHP\Lib\Core\View.class.php 第 223 行.
NOTIC: [8] Constant THEME_PATH already defined C:\AppServ\www\dailyUp\ThinkPHP\Lib\Core\View.class.php 第 174 行.
NOTIC: [8] Constant APP_TMPL_PATH already defined C:\AppServ\www\dailyUp\ThinkPHP\Lib\Core\View.class.php 第 175 行.
INFO: [ view_parse ] --START--
INFO: ParseTemplate Behavior ::run [ RunTime:0.018511s ]
INFO: [ view_parse ] --END-- [ RunTime:0.018692s ]
INFO: [ view_filter ] --START--
INFO: ContentReplace Behavior ::run [ RunTime:0.002650s ]
INFO: TokenBuild Behavior ::run [ RunTime:0.002839s ]
INFO: WriteHtmlCache Behavior ::run [ RunTime:0.002680s ]
INFO: ShowRuntime Behavior ::run [ RunTime:0.001649s ]
INFO: [ view_filter ] --END-- [ RunTime:0.010250s ]
INFO: [ view_end ] --START--
INFO: ShowPageTrace Behavior ::run [ RunTime:0.001626s ]
INFO: [ view_end ] --END-- [ RunTime:0.001695s ]

[ 2018-05-17T22:15:10+08:00 ] 127.0.0.1 /dailyUp/admin.php
INFO: [ app_begin ] --START--
INFO: ReadHtmlCache Behavior ::run [ RunTime:0.002292s ]
INFO: [ app_begin ] --END-- [ RunTime:0.002507s ]
INFO: [ view_parse ] --START--
INFO: ParseTemplate Behavior ::run [ RunTime:0.012517s ]
INFO: [ view_parse ] --END-- [ RunTime:0.012633s ]
INFO: [ view_filter ] --START--
INFO: ContentReplace Behavior ::run [ RunTime:0.001503s ]
INFO: TokenBuild Behavior ::run [ RunTime:0.001860s ]
INFO: WriteHtmlCache Behavior ::run [ RunTime:0.001415s ]
INFO: ShowRuntime Behavior ::run [ RunTime:0.001491s ]
INFO: [ view_filter ] --END-- [ RunTime:0.006510s ]
INFO: [ view_end ] --START--
INFO: ShowPageTrace Behavior ::run [ RunTime:0.001653s ]
INFO: [ view_end ] --END-- [ RunTime:0.001723s ]

[ 2018-05-17T22:15:11+08:00 ] 127.0.0.1 /dailyUp/admin.php/Index/top
INFO: [ route_check ] --START--
INFO: CheckRoute Behavior ::run [ RunTime:0.002535s ]
INFO: [ route_check ] --END-- [ RunTime:0.002689s ]
INFO: [ app_begin ] --START--
INFO: ReadHtmlCache Behavior ::run [ RunTime:0.001117s ]
INFO: [ app_begin ] --END-- [ RunTime:0.001202s ]
NOTIC: [8] Constant THEME_NAME already defined C:\AppServ\www\dailyUp\ThinkPHP\Lib\Core\View.class.php 第 223 行.
NOTIC: [8] Constant THEME_PATH already defined C:\AppServ\www\dailyUp\ThinkPHP\Lib\Core\View.class.php 第 174 行.
NOTIC: [8] Constant APP_TMPL_PATH already defined C:\AppServ\www\dailyUp\ThinkPHP\Lib\Core\View.class.php 第 175 行.
INFO: [ view_parse ] --START--
INFO: ParseTemplate Behavior ::run [ RunTime:0.010679s ]
INFO: [ view_parse ] --END-- [ RunTime:0.010791s ]
INFO: [ view_filter ] --START--
INFO: ContentReplace Behavior ::run [ RunTime:0.001955s ]
INFO: TokenBuild Behavior ::run [ RunTime:0.001019s ]
INFO: WriteHtmlCache Behavior ::run [ RunTime:0.000852s ]
INFO: ShowRuntime Behavior ::run [ RunTime:0.001152s ]
INFO: [ view_filter ] --END-- [ RunTime:0.005220s ]
INFO: [ view_end ] --START--
INFO: ShowPageTrace Behavior ::run [ RunTime:0.001205s ]
INFO: [ view_end ] --END-- [ RunTime:0.001287s ]

[ 2018-05-17T22:15:11+08:00 ] 127.0.0.1 /dailyUp/admin.php/Index/left
INFO: [ route_check ] --START--
INFO: CheckRoute Behavior ::run [ RunTime:0.002233s ]
INFO: [ route_check ] --END-- [ RunTime:0.002326s ]
INFO: [ app_begin ] --START--
INFO: ReadHtmlCache Behavior ::run [ RunTime:0.002226s ]
INFO: [ app_begin ] --END-- [ RunTime:0.002310s ]
NOTIC: [8] Constant THEME_NAME already defined C:\AppServ\www\dailyUp\ThinkPHP\Lib\Core\View.class.php 第 223 行.
NOTIC: [8] Constant THEME_PATH already defined C:\AppServ\www\dailyUp\ThinkPHP\Lib\Core\View.class.php 第 174 行.
NOTIC: [8] Constant APP_TMPL_PATH already defined C:\AppServ\www\dailyUp\ThinkPHP\Lib\Core\View.class.php 第 175 行.
INFO: [ view_parse ] --START--
NOTIC: [8] Undefined index:  username C:\AppServ\www\dailyUp\Admin\Runtime\Cache\32ab8e8c53f1d3a4ec4914ac5a4844a9.php 第 46 行.
INFO: ParseTemplate Behavior ::run [ RunTime:0.037619s ]
INFO: [ view_parse ] --END-- [ RunTime:0.037750s ]
INFO: [ view_filter ] --START--
INFO: ContentReplace Behavior ::run [ RunTime:0.001944s ]
INFO: TokenBuild Behavior ::run [ RunTime:0.002325s ]
INFO: WriteHtmlCache Behavior ::run [ RunTime:0.002102s ]
INFO: ShowRuntime Behavior ::run [ RunTime:0.002407s ]
INFO: [ view_filter ] --END-- [ RunTime:0.009083s ]
INFO: [ view_end ] --START--
INFO: ShowPageTrace Behavior ::run [ RunTime:0.003896s ]
INFO: [ view_end ] --END-- [ RunTime:0.004009s ]

[ 2018-05-17T22:15:11+08:00 ] 127.0.0.1 /dailyUp/admin.php/Index/right
INFO: [ route_check ] --START--
INFO: CheckRoute Behavior ::run [ RunTime:0.002849s ]
INFO: [ route_check ] --END-- [ RunTime:0.003024s ]
INFO: [ app_begin ] --START--
INFO: ReadHtmlCache Behavior ::run [ RunTime:0.002652s ]
INFO: [ app_begin ] --END-- [ RunTime:0.002805s ]
NOTIC: [8] Constant THEME_NAME already defined C:\AppServ\www\dailyUp\ThinkPHP\Lib\Core\View.class.php 第 223 行.
NOTIC: [8] Constant THEME_PATH already defined C:\AppServ\www\dailyUp\ThinkPHP\Lib\Core\View.class.php 第 174 行.
NOTIC: [8] Constant APP_TMPL_PATH already defined C:\AppServ\www\dailyUp\ThinkPHP\Lib\Core\View.class.php 第 175 行.
INFO: [ view_parse ] --START--
INFO: ParseTemplate Behavior ::run [ RunTime:0.017609s ]
INFO: [ view_parse ] --END-- [ RunTime:0.017827s ]
INFO: [ view_filter ] --START--
INFO: ContentReplace Behavior ::run [ RunTime:0.001531s ]
INFO: TokenBuild Behavior ::run [ RunTime:0.001366s ]
INFO: WriteHtmlCache Behavior ::run [ RunTime:0.001562s ]
INFO: ShowRuntime Behavior ::run [ RunTime:0.001737s ]
INFO: [ view_filter ] --END-- [ RunTime:0.006443s ]
INFO: [ view_end ] --START--
INFO: ShowPageTrace Behavior ::run [ RunTime:0.001868s ]
INFO: [ view_end ] --END-- [ RunTime:0.001951s ]

[ 2018-05-17T22:23:21+08:00 ] 127.0.0.1 /dailyUp/admin.php
INFO: [ app_begin ] --START--
INFO: ReadHtmlCache Behavior ::run [ RunTime:0.001766s ]
INFO: [ app_begin ] --END-- [ RunTime:0.001889s ]
INFO: [ view_parse ] --START--
INFO: ParseTemplate Behavior ::run [ RunTime:0.015725s ]
INFO: [ view_parse ] --END-- [ RunTime:0.015942s ]
INFO: [ view_filter ] --START--
INFO: ContentReplace Behavior ::run [ RunTime:0.001488s ]
INFO: TokenBuild Behavior ::run [ RunTime:0.001455s ]
INFO: WriteHtmlCache Behavior ::run [ RunTime:0.001281s ]
INFO: ShowRuntime Behavior ::run [ RunTime:0.001601s ]
INFO: [ view_filter ] --END-- [ RunTime:0.006042s ]
INFO: [ view_end ] --START--
INFO: ShowPageTrace Behavior ::run [ RunTime:0.001885s ]
INFO: [ view_end ] --END-- [ RunTime:0.002008s ]

[ 2018-05-17T22:23:21+08:00 ] 127.0.0.1 /dailyUp/admin.php/Index/top
INFO: [ route_check ] --START--
INFO: CheckRoute Behavior ::run [ RunTime:0.001965s ]
INFO: [ route_check ] --END-- [ RunTime:0.002070s ]
INFO: [ app_begin ] --START--
INFO: ReadHtmlCache Behavior ::run [ RunTime:0.001114s ]
INFO: [ app_begin ] --END-- [ RunTime:0.001193s ]
NOTIC: [8] Constant THEME_NAME already defined C:\AppServ\www\dailyUp\ThinkPHP\Lib\Core\View.class.php 第 223 行.
NOTIC: [8] Constant THEME_PATH already defined C:\AppServ\www\dailyUp\ThinkPHP\Lib\Core\View.class.php 第 174 行.
NOTIC: [8] Constant APP_TMPL_PATH already defined C:\AppServ\www\dailyUp\ThinkPHP\Lib\Core\View.class.php 第 175 行.
INFO: [ view_parse ] --START--
INFO: ParseTemplate Behavior ::run [ RunTime:0.015511s ]
INFO: [ view_parse ] --END-- [ RunTime:0.015640s ]
INFO: [ view_filter ] --START--
INFO: ContentReplace Behavior ::run [ RunTime:0.001034s ]
INFO: TokenBuild Behavior ::run [ RunTime:0.001018s ]
INFO: WriteHtmlCache Behavior ::run [ RunTime:0.000863s ]
INFO: ShowRuntime Behavior ::run [ RunTime:0.001103s ]
INFO: [ view_filter ] --END-- [ RunTime:0.004219s ]
INFO: [ view_end ] --START--
INFO: ShowPageTrace Behavior ::run [ RunTime:0.001223s ]
INFO: [ view_end ] --END-- [ RunTime:0.001300s ]

[ 2018-05-17T22:23:22+08:00 ] 127.0.0.1 /dailyUp/admin.php/Index/left
INFO: [ route_check ] --START--
INFO: CheckRoute Behavior ::run [ RunTime:0.001980s ]
INFO: [ route_check ] --END-- [ RunTime:0.002080s ]
INFO: [ app_begin ] --START--
INFO: ReadHtmlCache Behavior ::run [ RunTime:0.001744s ]
INFO: [ app_begin ] --END-- [ RunTime:0.001841s ]
NOTIC: [8] Constant THEME_NAME already defined C:\AppServ\www\dailyUp\ThinkPHP\Lib\Core\View.class.php 第 223 行.
NOTIC: [8] Constant THEME_PATH already defined C:\AppServ\www\dailyUp\ThinkPHP\Lib\Core\View.class.php 第 174 行.
NOTIC: [8] Constant APP_TMPL_PATH already defined C:\AppServ\www\dailyUp\ThinkPHP\Lib\Core\View.class.php 第 175 行.
INFO: [ view_parse ] --START--
NOTIC: [8] Undefined index:  username C:\AppServ\www\dailyUp\Admin\Runtime\Cache\32ab8e8c53f1d3a4ec4914ac5a4844a9.php 第 46 行.
INFO: ParseTemplate Behavior ::run [ RunTime:0.028352s ]
INFO: [ view_parse ] --END-- [ RunTime:0.028521s ]
INFO: [ view_filter ] --START--
INFO: ContentReplace Behavior ::run [ RunTime:0.001898s ]
INFO: TokenBuild Behavior ::run [ RunTime:0.001577s ]
INFO: WriteHtmlCache Behavior ::run [ RunTime:0.001360s ]
INFO: ShowRuntime Behavior ::run [ RunTime:0.001443s ]
INFO: [ view_filter ] --END-- [ RunTime:0.006550s ]
INFO: [ view_end ] --START--
INFO: ShowPageTrace Behavior ::run [ RunTime:0.002234s ]
INFO: [ view_end ] --END-- [ RunTime:0.002350s ]

[ 2018-05-17T22:23:22+08:00 ] 127.0.0.1 /dailyUp/admin.php/Index/right
INFO: [ route_check ] --START--
INFO: CheckRoute Behavior ::run [ RunTime:0.001867s ]
INFO: [ route_check ] --END-- [ RunTime:0.001968s ]
INFO: [ app_begin ] --START--
INFO: ReadHtmlCache Behavior ::run [ RunTime:0.001676s ]
INFO: [ app_begin ] --END-- [ RunTime:0.001772s ]
NOTIC: [8] Constant THEME_NAME already defined C:\AppServ\www\dailyUp\ThinkPHP\Lib\Core\View.class.php 第 223 行.
NOTIC: [8] Constant THEME_PATH already defined C:\AppServ\www\dailyUp\ThinkPHP\Lib\Core\View.class.php 第 174 行.
NOTIC: [8] Constant APP_TMPL_PATH already defined C:\AppServ\www\dailyUp\ThinkPHP\Lib\Core\View.class.php 第 175 行.
INFO: [ view_parse ] --START--
INFO: ParseTemplate Behavior ::run [ RunTime:0.019342s ]
INFO: [ view_parse ] --END-- [ RunTime:0.019495s ]
INFO: [ view_filter ] --START--
INFO: ContentReplace Behavior ::run [ RunTime:0.001585s ]
INFO: TokenBuild Behavior ::run [ RunTime:0.001605s ]
INFO: WriteHtmlCache Behavior ::run [ RunTime:0.002141s ]
INFO: ShowRuntime Behavior ::run [ RunTime:0.002306s ]
INFO: [ view_filter ] --END-- [ RunTime:0.008017s ]
INFO: [ view_end ] --START--
INFO: ShowPageTrace Behavior ::run [ RunTime:0.002074s ]
INFO: [ view_end ] --END-- [ RunTime:0.002171s ]

[ 2018-05-17T22:31:03+08:00 ] 127.0.0.1 /dailyUp/admin.php
INFO: [ app_begin ] --START--
INFO: ReadHtmlCache Behavior ::run [ RunTime:0.001777s ]
INFO: [ app_begin ] --END-- [ RunTime:0.001887s ]
INFO: [ view_parse ] --START--
INFO: ParseTemplate Behavior ::run [ RunTime:0.017118s ]
INFO: [ view_parse ] --END-- [ RunTime:0.017237s ]
INFO: [ view_filter ] --START--
INFO: ContentReplace Behavior ::run [ RunTime:0.001408s ]
INFO: TokenBuild Behavior ::run [ RunTime:0.001449s ]
INFO: WriteHtmlCache Behavior ::run [ RunTime:0.001262s ]
INFO: ShowRuntime Behavior ::run [ RunTime:0.002018s ]
INFO: [ view_filter ] --END-- [ RunTime:0.006396s ]
INFO: [ view_end ] --START--
INFO: ShowPageTrace Behavior ::run [ RunTime:0.001763s ]
INFO: [ view_end ] --END-- [ RunTime:0.001857s ]

[ 2018-05-17T22:31:03+08:00 ] 127.0.0.1 /dailyUp/admin.php/Index/top
INFO: [ route_check ] --START--
INFO: CheckRoute Behavior ::run [ RunTime:0.003292s ]
INFO: [ route_check ] --END-- [ RunTime:0.003548s ]
INFO: [ app_begin ] --START--
INFO: ReadHtmlCache Behavior ::run [ RunTime:0.001676s ]
INFO: [ app_begin ] --END-- [ RunTime:0.001864s ]
NOTIC: [8] Constant THEME_NAME already defined C:\AppServ\www\dailyUp\ThinkPHP\Lib\Core\View.class.php 第 223 行.
NOTIC: [8] Constant THEME_PATH already defined C:\AppServ\www\dailyUp\ThinkPHP\Lib\Core\View.class.php 第 174 行.
NOTIC: [8] Constant APP_TMPL_PATH already defined C:\AppServ\www\dailyUp\ThinkPHP\Lib\Core\View.class.php 第 175 行.
INFO: [ view_parse ] --START--
INFO: ParseTemplate Behavior ::run [ RunTime:0.013099s ]
INFO: [ view_parse ] --END-- [ RunTime:0.013232s ]
INFO: [ view_filter ] --START--
INFO: ContentReplace Behavior ::run [ RunTime:0.001931s ]
INFO: TokenBuild Behavior ::run [ RunTime:0.002399s ]
INFO: WriteHtmlCache Behavior ::run [ RunTime:0.001880s ]
INFO: ShowRuntime Behavior ::run [ RunTime:0.001741s ]
INFO: [ view_filter ] --END-- [ RunTime:0.008439s ]
INFO: [ view_end ] --START--
INFO: ShowPageTrace Behavior ::run [ RunTime:0.001581s ]
INFO: [ view_end ] --END-- [ RunTime:0.001685s ]

[ 2018-05-17T22:31:03+08:00 ] 127.0.0.1 /dailyUp/admin.php/Index/left
INFO: [ route_check ] --START--
INFO: CheckRoute Behavior ::run [ RunTime:0.003682s ]
INFO: [ route_check ] --END-- [ RunTime:0.004337s ]
INFO: [ app_begin ] --START--
INFO: ReadHtmlCache Behavior ::run [ RunTime:0.002982s ]
INFO: [ app_begin ] --END-- [ RunTime:0.003270s ]
NOTIC: [8] Constant THEME_NAME already defined C:\AppServ\www\dailyUp\ThinkPHP\Lib\Core\View.class.php 第 223 行.
NOTIC: [8] Constant THEME_PATH already defined C:\AppServ\www\dailyUp\ThinkPHP\Lib\Core\View.class.php 第 174 行.
NOTIC: [8] Constant APP_TMPL_PATH already defined C:\AppServ\www\dailyUp\ThinkPHP\Lib\Core\View.class.php 第 175 行.
INFO: [ view_parse ] --START--
NOTIC: [8] Undefined index:  username C:\AppServ\www\dailyUp\Admin\Runtime\Cache\32ab8e8c53f1d3a4ec4914ac5a4844a9.php 第 46 行.
INFO: ParseTemplate Behavior ::run [ RunTime:0.026622s ]
INFO: [ view_parse ] --END-- [ RunTime:0.026785s ]
INFO: [ view_filter ] --START--
INFO: ContentReplace Behavior ::run [ RunTime:0.001646s ]
INFO: TokenBuild Behavior ::run [ RunTime:0.001190s ]
INFO: WriteHtmlCache Behavior ::run [ RunTime:0.000872s ]
INFO: ShowRuntime Behavior ::run [ RunTime:0.001084s ]
INFO: [ view_filter ] --END-- [ RunTime:0.005065s ]
INFO: [ view_end ] --START--
INFO: ShowPageTrace Behavior ::run [ RunTime:0.001964s ]
INFO: [ view_end ] --END-- [ RunTime:0.002102s ]

[ 2018-05-17T22:31:03+08:00 ] 127.0.0.1 /dailyUp/admin.php/Index/right
INFO: [ route_check ] --START--
INFO: CheckRoute Behavior ::run [ RunTime:0.004787s ]
INFO: [ route_check ] --END-- [ RunTime:0.005275s ]
INFO: [ app_begin ] --START--
INFO: ReadHtmlCache Behavior ::run [ RunTime:0.002076s ]
INFO: [ app_begin ] --END-- [ RunTime:0.002195s ]
NOTIC: [8] Constant THEME_NAME already defined C:\AppServ\www\dailyUp\ThinkPHP\Lib\Core\View.class.php 第 223 行.
NOTIC: [8] Constant THEME_PATH already defined C:\AppServ\www\dailyUp\ThinkPHP\Lib\Core\View.class.php 第 174 行.
NOTIC: [8] Constant APP_TMPL_PATH already defined C:\AppServ\www\dailyUp\ThinkPHP\Lib\Core\View.class.php 第 175 行.
INFO: [ view_parse ] --START--
INFO: ParseTemplate Behavior ::run [ RunTime:0.026223s ]
INFO: [ view_parse ] --END-- [ RunTime:0.026393s ]
INFO: [ view_filter ] --START--
INFO: ContentReplace Behavior ::run [ RunTime:0.002273s ]
INFO: TokenBuild Behavior ::run [ RunTime:0.002728s ]
INFO: WriteHtmlCache Behavior ::run [ RunTime:0.002424s ]
INFO: ShowRuntime Behavior ::run [ RunTime:0.002279s ]
INFO: [ view_filter ] --END-- [ RunTime:0.010014s ]
INFO: [ view_end ] --START--
INFO: ShowPageTrace Behavior ::run [ RunTime:0.002672s ]
INFO: [ view_end ] --END-- [ RunTime:0.002763s ]

[ 2018-05-17T22:42:05+08:00 ] 127.0.0.1 /dailyUp/admin.php
INFO: [ app_begin ] --START--
INFO: ReadHtmlCache Behavior ::run [ RunTime:0.002022s ]
INFO: [ app_begin ] --END-- [ RunTime:0.002151s ]
INFO: [ view_parse ] --START--
INFO: ParseTemplate Behavior ::run [ RunTime:0.014711s ]
INFO: [ view_parse ] --END-- [ RunTime:0.014967s ]
INFO: [ view_filter ] --START--
INFO: ContentReplace Behavior ::run [ RunTime:0.001741s ]
INFO: TokenBuild Behavior ::run [ RunTime:0.001607s ]
INFO: WriteHtmlCache Behavior ::run [ RunTime:0.001269s ]
INFO: ShowRuntime Behavior ::run [ RunTime:0.001560s ]
INFO: [ view_filter ] --END-- [ RunTime:0.006403s ]
INFO: [ view_end ] --START--
INFO: ShowPageTrace Behavior ::run [ RunTime:0.001653s ]
INFO: [ view_end ] --END-- [ RunTime:0.001746s ]

[ 2018-05-17T22:42:05+08:00 ] 127.0.0.1 /dailyUp/admin.php/Index/top
INFO: [ route_check ] --START--
INFO: CheckRoute Behavior ::run [ RunTime:0.004240s ]
INFO: [ route_check ] --END-- [ RunTime:0.004464s ]
INFO: [ app_begin ] --START--
INFO: ReadHtmlCache Behavior ::run [ RunTime:0.002311s ]
INFO: [ app_begin ] --END-- [ RunTime:0.002564s ]
NOTIC: [8] Constant THEME_NAME already defined C:\AppServ\www\dailyUp\ThinkPHP\Lib\Core\View.class.php 第 223 行.
NOTIC: [8] Constant THEME_PATH already defined C:\AppServ\www\dailyUp\ThinkPHP\Lib\Core\View.class.php 第 174 行.
NOTIC: [8] Constant APP_TMPL_PATH already defined C:\AppServ\www\dailyUp\ThinkPHP\Lib\Core\View.class.php 第 175 行.
INFO: [ view_parse ] --START--
INFO: ParseTemplate Behavior ::run [ RunTime:0.023382s ]
INFO: [ view_parse ] --END-- [ RunTime:0.023670s ]
INFO: [ view_filter ] --START--
INFO: ContentReplace Behavior ::run [ RunTime:0.001939s ]
INFO: TokenBuild Behavior ::run [ RunTime:0.001998s ]
INFO: WriteHtmlCache Behavior ::run [ RunTime:0.001531s ]
INFO: ShowRuntime Behavior ::run [ RunTime:0.002299s ]
INFO: [ view_filter ] --END-- [ RunTime:0.008249s ]
INFO: [ view_end ] --START--
INFO: ShowPageTrace Behavior ::run [ RunTime:0.002141s ]
INFO: [ view_end ] --END-- [ RunTime:0.002292s ]

[ 2018-05-17T22:42:05+08:00 ] 127.0.0.1 /dailyUp/admin.php/Index/left
INFO: [ route_check ] --START--
INFO: CheckRoute Behavior ::run [ RunTime:0.002422s ]
INFO: [ route_check ] --END-- [ RunTime:0.002624s ]
INFO: [ app_begin ] --START--
INFO: ReadHtmlCache Behavior ::run [ RunTime:0.001463s ]
INFO: [ app_begin ] --END-- [ RunTime:0.001588s ]
NOTIC: [8] Constant THEME_NAME already defined C:\AppServ\www\dailyUp\ThinkPHP\Lib\Core\View.class.php 第 223 行.
NOTIC: [8] Constant THEME_PATH already defined C:\AppServ\www\dailyUp\ThinkPHP\Lib\Core\View.class.php 第 174 行.
NOTIC: [8] Constant APP_TMPL_PATH already defined C:\AppServ\www\dailyUp\ThinkPHP\Lib\Core\View.class.php 第 175 行.
INFO: [ view_parse ] --START--
NOTIC: [8] Undefined index:  username C:\AppServ\www\dailyUp\Admin\Runtime\Cache\32ab8e8c53f1d3a4ec4914ac5a4844a9.php 第 39 行.
INFO: ParseTemplate Behavior ::run [ RunTime:0.019298s ]
INFO: [ view_parse ] --END-- [ RunTime:0.019418s ]
INFO: [ view_filter ] --START--
INFO: ContentReplace Behavior ::run [ RunTime:0.001606s ]
INFO: TokenBuild Behavior ::run [ RunTime:0.001751s ]
INFO: WriteHtmlCache Behavior ::run [ RunTime:0.001457s ]
INFO: ShowRuntime Behavior ::run [ RunTime:0.001512s ]
INFO: [ view_filter ] --END-- [ RunTime:0.006785s ]
INFO: [ view_end ] --START--
INFO: ShowPageTrace Behavior ::run [ RunTime:0.002845s ]
INFO: [ view_end ] --END-- [ RunTime:0.002995s ]

[ 2018-05-17T22:42:05+08:00 ] 127.0.0.1 /dailyUp/admin.php/Index/right
INFO: [ route_check ] --START--
INFO: CheckRoute Behavior ::run [ RunTime:0.002241s ]
INFO: [ route_check ] --END-- [ RunTime:0.002396s ]
INFO: [ app_begin ] --START--
INFO: ReadHtmlCache Behavior ::run [ RunTime:0.002725s ]
INFO: [ app_begin ] --END-- [ RunTime:0.003006s ]
NOTIC: [8] Constant THEME_NAME already defined C:\AppServ\www\dailyUp\ThinkPHP\Lib\Core\View.class.php 第 223 行.
NOTIC: [8] Constant THEME_PATH already defined C:\AppServ\www\dailyUp\ThinkPHP\Lib\Core\View.class.php 第 174 行.
NOTIC: [8] Constant APP_TMPL_PATH already defined C:\AppServ\www\dailyUp\ThinkPHP\Lib\Core\View.class.php 第 175 行.
INFO: [ view_parse ] --START--
INFO: ParseTemplate Behavior ::run [ RunTime:0.018622s ]
INFO: [ view_parse ] --END-- [ RunTime:0.018777s ]
INFO: [ view_filter ] --START--
INFO: ContentReplace Behavior ::run [ RunTime:0.002062s ]
INFO: TokenBuild Behavior ::run [ RunTime:0.001872s ]
INFO: WriteHtmlCache Behavior ::run [ RunTime:0.002365s ]
INFO: ShowRuntime Behavior ::run [ RunTime:0.001668s ]
INFO: [ view_filter ] --END-- [ RunTime:0.008322s ]
INFO: [ view_end ] --START--
INFO: ShowPageTrace Behavior ::run [ RunTime:0.001925s ]
INFO: [ view_end ] --END-- [ RunTime:0.002031s ]

[ 2018-05-17T22:43:03+08:00 ] 127.0.0.1 /dailyUp/admin.php
INFO: [ app_begin ] --START--
INFO: ReadHtmlCache Behavior ::run [ RunTime:0.002260s ]
INFO: [ app_begin ] --END-- [ RunTime:0.002371s ]
INFO: [ view_parse ] --START--
INFO: ParseTemplate Behavior ::run [ RunTime:0.015955s ]
INFO: [ view_parse ] --END-- [ RunTime:0.016068s ]
INFO: [ view_filter ] --START--
INFO: ContentReplace Behavior ::run [ RunTime:0.002289s ]
INFO: TokenBuild Behavior ::run [ RunTime:0.001775s ]
INFO: WriteHtmlCache Behavior ::run [ RunTime:0.001896s ]
INFO: ShowRuntime Behavior ::run [ RunTime:0.002610s ]
INFO: [ view_filter ] --END-- [ RunTime:0.008807s ]
INFO: [ view_end ] --START--
INFO: ShowPageTrace Behavior ::run [ RunTime:0.002688s ]
INFO: [ view_end ] --END-- [ RunTime:0.002807s ]

[ 2018-05-17T22:43:03+08:00 ] 127.0.0.1 /dailyUp/admin.php/Index/top
INFO: [ route_check ] --START--
INFO: CheckRoute Behavior ::run [ RunTime:0.005393s ]
INFO: [ route_check ] --END-- [ RunTime:0.005954s ]
INFO: [ app_begin ] --START--
INFO: ReadHtmlCache Behavior ::run [ RunTime:0.003410s ]
INFO: [ app_begin ] --END-- [ RunTime:0.003575s ]
NOTIC: [8] Constant THEME_NAME already defined C:\AppServ\www\dailyUp\ThinkPHP\Lib\Core\View.class.php 第 223 行.
NOTIC: [8] Constant THEME_PATH already defined C:\AppServ\www\dailyUp\ThinkPHP\Lib\Core\View.class.php 第 174 行.
NOTIC: [8] Constant APP_TMPL_PATH already defined C:\AppServ\www\dailyUp\ThinkPHP\Lib\Core\View.class.php 第 175 行.
INFO: [ view_parse ] --START--
INFO: ParseTemplate Behavior ::run [ RunTime:0.039303s ]
INFO: [ view_parse ] --END-- [ RunTime:0.039556s ]
INFO: [ view_filter ] --START--
INFO: ContentReplace Behavior ::run [ RunTime:0.002051s ]
INFO: TokenBuild Behavior ::run [ RunTime:0.002329s ]
INFO: WriteHtmlCache Behavior ::run [ RunTime:0.001825s ]
INFO: ShowRuntime Behavior ::run [ RunTime:0.002403s ]
INFO: [ view_filter ] --END-- [ RunTime:0.008942s ]
INFO: [ view_end ] --START--
INFO: ShowPageTrace Behavior ::run [ RunTime:0.002386s ]
INFO: [ view_end ] --END-- [ RunTime:0.002546s ]

[ 2018-05-17T22:43:04+08:00 ] 127.0.0.1 /dailyUp/admin.php/Index/left
INFO: [ route_check ] --START--
INFO: CheckRoute Behavior ::run [ RunTime:0.004311s ]
INFO: [ route_check ] --END-- [ RunTime:0.004493s ]
INFO: [ app_begin ] --START--
INFO: ReadHtmlCache Behavior ::run [ RunTime:0.002691s ]
INFO: [ app_begin ] --END-- [ RunTime:0.002846s ]
NOTIC: [8] Constant THEME_NAME already defined C:\AppServ\www\dailyUp\ThinkPHP\Lib\Core\View.class.php 第 223 行.
NOTIC: [8] Constant THEME_PATH already defined C:\AppServ\www\dailyUp\ThinkPHP\Lib\Core\View.class.php 第 174 行.
NOTIC: [8] Constant APP_TMPL_PATH already defined C:\AppServ\www\dailyUp\ThinkPHP\Lib\Core\View.class.php 第 175 行.
INFO: [ view_parse ] --START--
NOTIC: [8] Undefined index:  username C:\AppServ\www\dailyUp\Admin\Runtime\Cache\32ab8e8c53f1d3a4ec4914ac5a4844a9.php 第 39 行.
INFO: ParseTemplate Behavior ::run [ RunTime:0.023745s ]
INFO: [ view_parse ] --END-- [ RunTime:0.023867s ]
INFO: [ view_filter ] --START--
INFO: ContentReplace Behavior ::run [ RunTime:0.002100s ]
INFO: TokenBuild Behavior ::run [ RunTime:0.001904s ]
INFO: WriteHtmlCache Behavior ::run [ RunTime:0.001673s ]
INFO: ShowRuntime Behavior ::run [ RunTime:0.002506s ]
INFO: [ view_filter ] --END-- [ RunTime:0.008419s ]
INFO: [ view_end ] --START--
INFO: ShowPageTrace Behavior ::run [ RunTime:0.002242s ]
INFO: [ view_end ] --END-- [ RunTime:0.002361s ]

[ 2018-05-17T22:43:04+08:00 ] 127.0.0.1 /dailyUp/admin.php/Index/right
INFO: [ route_check ] --START--
INFO: CheckRoute Behavior ::run [ RunTime:0.002020s ]
INFO: [ route_check ] --END-- [ RunTime:0.002135s ]
INFO: [ app_begin ] --START--
INFO: ReadHtmlCache Behavior ::run [ RunTime:0.001603s ]
INFO: [ app_begin ] --END-- [ RunTime:0.001685s ]
NOTIC: [8] Constant THEME_NAME already defined C:\AppServ\www\dailyUp\ThinkPHP\Lib\Core\View.class.php 第 223 行.
NOTIC: [8] Constant THEME_PATH already defined C:\AppServ\www\dailyUp\ThinkPHP\Lib\Core\View.class.php 第 174 行.
NOTIC: [8] Constant APP_TMPL_PATH already defined C:\AppServ\www\dailyUp\ThinkPHP\Lib\Core\View.class.php 第 175 行.
INFO: [ view_parse ] --START--
INFO: ParseTemplate Behavior ::run [ RunTime:0.019578s ]
INFO: [ view_parse ] --END-- [ RunTime:0.019758s ]
INFO: [ view_filter ] --START--
INFO: ContentReplace Behavior ::run [ RunTime:0.002326s ]
INFO: TokenBuild Behavior ::run [ RunTime:0.002325s ]
INFO: WriteHtmlCache Behavior ::run [ RunTime:0.002009s ]
INFO: ShowRuntime Behavior ::run [ RunTime:0.001952s ]
INFO: [ view_filter ] --END-- [ RunTime:0.008961s ]
INFO: [ view_end ] --START--
INFO: ShowPageTrace Behavior ::run [ RunTime:0.001969s ]
INFO: [ view_end ] --END-- [ RunTime:0.002068s ]

