[ 2018-05-13T11:01:33+08:00 ] 127.0.0.1 /dailyUp/Admin/
INFO: [ route_check ] --START--
INFO: CheckRoute Behavior ::run [ RunTime:0.003325s ]
INFO: [ route_check ] --END-- [ RunTime:0.003521s ]
INFO: [ app_begin ] --START--
INFO: ReadHtmlCache Behavior ::run [ RunTime:0.001613s ]
INFO: [ app_begin ] --END-- [ RunTime:0.001709s ]
INFO: [ view_parse ] --START--
INFO: ParseTemplate Behavior ::run [ RunTime:0.020462s ]
INFO: [ view_parse ] --END-- [ RunTime:0.020618s ]
INFO: [ view_filter ] --START--
NOTIC: [8] Use of undefined constant APP_TMPL_PATH - assumed 'APP_TMPL_PATH' C:\AppServ\www\dailyUp\ThinkPHP\Lib\Behavior\ContentReplaceBehavior.class.php 第 40 行.
NOTIC: [8] Use of undefined constant APP_TMPL_PATH - assumed 'APP_TMPL_PATH' C:\AppServ\www\dailyUp\ThinkPHP\Lib\Behavior\ContentReplaceBehavior.class.php 第 47 行.
INFO: ContentReplace Behavior ::run [ RunTime:0.001506s ]
INFO: TokenBuild Behavior ::run [ RunTime:0.001395s ]
INFO: WriteHtmlCache Behavior ::run [ RunTime:0.001296s ]
INFO: ShowRuntime Behavior ::run [ RunTime:0.001752s ]
INFO: [ view_filter ] --END-- [ RunTime:0.006198s ]
INFO: [ view_end ] --START--
INFO: ShowPageTrace Behavior ::run [ RunTime:0.001836s ]
INFO: [ view_end ] --END-- [ RunTime:0.001935s ]

[ 2018-05-13T11:05:36+08:00 ] 127.0.0.1 /dailyUp/admin.php
INFO: [ app_begin ] --START--
INFO: ReadHtmlCache Behavior ::run [ RunTime:0.001853s ]
INFO: [ app_begin ] --END-- [ RunTime:0.002059s ]
INFO: [ view_parse ] --START--
INFO: ParseTemplate Behavior ::run [ RunTime:0.003104s ]
INFO: [ view_parse ] --END-- [ RunTime:0.003243s ]
INFO: [ view_filter ] --START--
NOTIC: [8] Use of undefined constant APP_TMPL_PATH - assumed 'APP_TMPL_PATH' C:\AppServ\www\dailyUp\ThinkPHP\Lib\Behavior\ContentReplaceBehavior.class.php 第 40 行.
NOTIC: [8] Use of undefined constant APP_TMPL_PATH - assumed 'APP_TMPL_PATH' C:\AppServ\www\dailyUp\ThinkPHP\Lib\Behavior\ContentReplaceBehavior.class.php 第 47 行.
INFO: ContentReplace Behavior ::run [ RunTime:0.001507s ]
INFO: TokenBuild Behavior ::run [ RunTime:0.001720s ]
INFO: WriteHtmlCache Behavior ::run [ RunTime:0.001320s ]
INFO: ShowRuntime Behavior ::run [ RunTime:0.001495s ]
INFO: [ view_filter ] --END-- [ RunTime:0.006291s ]
INFO: [ view_end ] --START--
INFO: ShowPageTrace Behavior ::run [ RunTime:0.001732s ]
INFO: [ view_end ] --END-- [ RunTime:0.001815s ]

[ 2018-05-13T11:06:05+08:00 ] 127.0.0.1 /dailyUp/admin.php/index
INFO: [ route_check ] --START--
INFO: CheckRoute Behavior ::run [ RunTime:0.001915s ]
INFO: [ route_check ] --END-- [ RunTime:0.002046s ]
INFO: [ app_begin ] --START--
INFO: ReadHtmlCache Behavior ::run [ RunTime:0.001620s ]
INFO: [ app_begin ] --END-- [ RunTime:0.001701s ]
ERR: 无法加载模块:index

[ 2018-05-13T11:06:28+08:00 ] 127.0.0.1 /dailyUp/admin.php/index
INFO: [ route_check ] --START--
INFO: CheckRoute Behavior ::run [ RunTime:0.002294s ]
INFO: [ route_check ] --END-- [ RunTime:0.002437s ]
INFO: [ app_begin ] --START--
INFO: ReadHtmlCache Behavior ::run [ RunTime:0.001747s ]
INFO: [ app_begin ] --END-- [ RunTime:0.001848s ]
ERR: 无法加载模块:index

[ 2018-05-13T11:06:29+08:00 ] 127.0.0.1 /dailyUp/admin.php/index
INFO: [ route_check ] --START--
INFO: CheckRoute Behavior ::run [ RunTime:0.001403s ]
INFO: [ route_check ] --END-- [ RunTime:0.001505s ]
INFO: [ app_begin ] --START--
INFO: ReadHtmlCache Behavior ::run [ RunTime:0.001078s ]
INFO: [ app_begin ] --END-- [ RunTime:0.001150s ]
ERR: 无法加载模块:index

[ 2018-05-13T11:06:48+08:00 ] 127.0.0.1 /dailyUp/admin.php/index
INFO: [ route_check ] --START--
INFO: CheckRoute Behavior ::run [ RunTime:0.001431s ]
INFO: [ route_check ] --END-- [ RunTime:0.001533s ]
INFO: [ app_begin ] --START--
INFO: ReadHtmlCache Behavior ::run [ RunTime:0.001162s ]
INFO: [ app_begin ] --END-- [ RunTime:0.001247s ]
ERR: 无法加载模块:index

[ 2018-05-13T11:06:53+08:00 ] 127.0.0.1 /dailyUp/admin.php/
INFO: [ route_check ] --START--
INFO: CheckRoute Behavior ::run [ RunTime:0.001352s ]
INFO: [ route_check ] --END-- [ RunTime:0.001451s ]
INFO: [ app_begin ] --START--
INFO: ReadHtmlCache Behavior ::run [ RunTime:0.001076s ]
INFO: [ app_begin ] --END-- [ RunTime:0.001150s ]

[ 2018-05-13T11:07:35+08:00 ] 127.0.0.1 /dailyUp/admin.php/insert
INFO: [ route_check ] --START--
INFO: CheckRoute Behavior ::run [ RunTime:0.001424s ]
INFO: [ route_check ] --END-- [ RunTime:0.001549s ]
INFO: [ app_begin ] --START--
INFO: ReadHtmlCache Behavior ::run [ RunTime:0.001186s ]
INFO: [ app_begin ] --END-- [ RunTime:0.001271s ]
ERR: 无法加载模块:insert

[ 2018-05-13T11:08:42+08:00 ] 127.0.0.1 /dailyUp/admin.php
INFO: [ app_begin ] --START--
INFO: ReadHtmlCache Behavior ::run [ RunTime:0.001536s ]
INFO: [ app_begin ] --END-- [ RunTime:0.001640s ]

[ 2018-05-13T11:08:59+08:00 ] 127.0.0.1 /dailyUp/admin.php/insert/
INFO: [ route_check ] --START--
INFO: CheckRoute Behavior ::run [ RunTime:0.001794s ]
INFO: [ route_check ] --END-- [ RunTime:0.001894s ]
INFO: [ app_begin ] --START--
INFO: ReadHtmlCache Behavior ::run [ RunTime:0.001499s ]
INFO: [ app_begin ] --END-- [ RunTime:0.001574s ]
ERR: 无法加载模块:insert

[ 2018-05-13T16:51:36+08:00 ] 127.0.0.1 /dailyUp/admin.php/Login/index
INFO: [ route_check ] --START--
INFO: CheckRoute Behavior ::run [ RunTime:0.022560s ]
INFO: [ route_check ] --END-- [ RunTime:0.022857s ]
INFO: [ app_begin ] --START--
INFO: ReadHtmlCache Behavior ::run [ RunTime:0.005586s ]
INFO: [ app_begin ] --END-- [ RunTime:0.005687s ]
INFO: [ view_parse ] --START--
INFO: ParseTemplate Behavior ::run [ RunTime:0.054076s ]
INFO: [ view_parse ] --END-- [ RunTime:0.054194s ]
INFO: [ view_filter ] --START--
INFO: ContentReplace Behavior ::run [ RunTime:0.013785s ]
INFO: TokenBuild Behavior ::run [ RunTime:0.005785s ]
INFO: WriteHtmlCache Behavior ::run [ RunTime:0.001756s ]
INFO: ShowRuntime Behavior ::run [ RunTime:0.008438s ]
INFO: [ view_filter ] --END-- [ RunTime:0.030064s ]
INFO: [ view_end ] --START--
INFO: ShowPageTrace Behavior ::run [ RunTime:0.014966s ]
INFO: [ view_end ] --END-- [ RunTime:0.015065s ]

[ 2018-05-13T21:56:40+08:00 ] 127.0.0.1 /dailyUp/admin.php/Index/
INFO: [ route_check ] --START--
INFO: CheckRoute Behavior ::run [ RunTime:0.013190s ]
INFO: [ route_check ] --END-- [ RunTime:0.013339s ]
INFO: [ app_begin ] --START--
INFO: ReadHtmlCache Behavior ::run [ RunTime:0.013233s ]
INFO: [ app_begin ] --END-- [ RunTime:0.013361s ]

[ 2018-05-13T21:56:47+08:00 ] 127.0.0.1 /dailyUp/admin.php/Index/insert
INFO: [ route_check ] --START--
INFO: CheckRoute Behavior ::run [ RunTime:0.001863s ]
INFO: [ route_check ] --END-- [ RunTime:0.001963s ]
INFO: [ app_begin ] --START--
INFO: ReadHtmlCache Behavior ::run [ RunTime:0.001747s ]
INFO: [ app_begin ] --END-- [ RunTime:0.001848s ]

[ 2018-05-13T21:58:07+08:00 ] 127.0.0.1 /dailyUp/admin.php/Index/insert
INFO: [ route_check ] --START--
INFO: CheckRoute Behavior ::run [ RunTime:0.001439s ]
INFO: [ route_check ] --END-- [ RunTime:0.001539s ]
INFO: [ app_begin ] --START--
INFO: ReadHtmlCache Behavior ::run [ RunTime:0.001251s ]
INFO: [ app_begin ] --END-- [ RunTime:0.001329s ]

[ 2018-05-13T21:58:13+08:00 ] 127.0.0.1 /dailyUp/admin.php
INFO: [ app_begin ] --START--
INFO: ReadHtmlCache Behavior ::run [ RunTime:0.001236s ]
INFO: [ app_begin ] --END-- [ RunTime:0.001347s ]

[ 2018-05-13T22:04:43+08:00 ] 127.0.0.1 /dailyUp/admin.php
INFO: [ app_begin ] --START--
INFO: ReadHtmlCache Behavior ::run [ RunTime:0.001721s ]
INFO: [ app_begin ] --END-- [ RunTime:0.001854s ]
INFO: [ view_parse ] --START--
INFO: ParseTemplate Behavior ::run [ RunTime:0.071780s ]
INFO: [ view_parse ] --END-- [ RunTime:0.071925s ]
INFO: [ view_filter ] --START--
INFO: ContentReplace Behavior ::run [ RunTime:0.009791s ]
INFO: TokenBuild Behavior ::run [ RunTime:0.005925s ]
INFO: WriteHtmlCache Behavior ::run [ RunTime:0.001970s ]
INFO: ShowRuntime Behavior ::run [ RunTime:0.008230s ]
INFO: [ view_filter ] --END-- [ RunTime:0.026298s ]
INFO: [ view_end ] --START--
INFO: ShowPageTrace Behavior ::run [ RunTime:0.014850s ]
INFO: [ view_end ] --END-- [ RunTime:0.014956s ]

[ 2018-05-13T22:06:17+08:00 ] 127.0.0.1 /dailyUp/admin.php
INFO: [ app_begin ] --START--
INFO: ReadHtmlCache Behavior ::run [ RunTime:0.002022s ]
INFO: [ app_begin ] --END-- [ RunTime:0.002164s ]
INFO: [ view_parse ] --START--
INFO: ParseTemplate Behavior ::run [ RunTime:0.015542s ]
INFO: [ view_parse ] --END-- [ RunTime:0.015758s ]
INFO: [ view_filter ] --START--
INFO: ContentReplace Behavior ::run [ RunTime:0.001569s ]
INFO: TokenBuild Behavior ::run [ RunTime:0.001476s ]
INFO: WriteHtmlCache Behavior ::run [ RunTime:0.001401s ]
INFO: ShowRuntime Behavior ::run [ RunTime:0.001564s ]
INFO: [ view_filter ] --END-- [ RunTime:0.006253s ]
INFO: [ view_end ] --START--
INFO: ShowPageTrace Behavior ::run [ RunTime:0.001760s ]
INFO: [ view_end ] --END-- [ RunTime:0.001852s ]

[ 2018-05-13T22:11:59+08:00 ] 127.0.0.1 /dailyUp/admin.php
INFO: [ app_begin ] --START--
INFO: ReadHtmlCache Behavior ::run [ RunTime:0.001836s ]
INFO: [ app_begin ] --END-- [ RunTime:0.002016s ]
INFO: [ view_parse ] --START--
INFO: ParseTemplate Behavior ::run [ RunTime:0.018816s ]
INFO: [ view_parse ] --END-- [ RunTime:0.018956s ]
INFO: [ view_filter ] --START--
INFO: ContentReplace Behavior ::run [ RunTime:0.001633s ]
INFO: TokenBuild Behavior ::run [ RunTime:0.001395s ]
INFO: WriteHtmlCache Behavior ::run [ RunTime:0.001276s ]
INFO: ShowRuntime Behavior ::run [ RunTime:0.002471s ]
INFO: [ view_filter ] --END-- [ RunTime:0.006998s ]
INFO: [ view_end ] --START--
INFO: ShowPageTrace Behavior ::run [ RunTime:0.002091s ]
INFO: [ view_end ] --END-- [ RunTime:0.002201s ]

[ 2018-05-13T22:13:22+08:00 ] 127.0.0.1 /dailyUp/admin.php
INFO: [ app_begin ] --START--
INFO: ReadHtmlCache Behavior ::run [ RunTime:0.002075s ]
INFO: [ app_begin ] --END-- [ RunTime:0.002210s ]
INFO: [ view_parse ] --START--
INFO: ParseTemplate Behavior ::run [ RunTime:0.014530s ]
INFO: [ view_parse ] --END-- [ RunTime:0.014689s ]
INFO: [ view_filter ] --START--
INFO: ContentReplace Behavior ::run [ RunTime:0.001669s ]
INFO: TokenBuild Behavior ::run [ RunTime:0.001951s ]
INFO: WriteHtmlCache Behavior ::run [ RunTime:0.001723s ]
INFO: ShowRuntime Behavior ::run [ RunTime:0.001627s ]
INFO: [ view_filter ] --END-- [ RunTime:0.007304s ]
INFO: [ view_end ] --START--
INFO: ShowPageTrace Behavior ::run [ RunTime:0.001707s ]
INFO: [ view_end ] --END-- [ RunTime:0.001782s ]

[ 2018-05-13T22:16:22+08:00 ] 127.0.0.1 /dailyUp/admin.php
INFO: [ app_begin ] --START--
INFO: ReadHtmlCache Behavior ::run [ RunTime:0.001665s ]
INFO: [ app_begin ] --END-- [ RunTime:0.001783s ]
INFO: [ view_parse ] --START--
INFO: ParseTemplate Behavior ::run [ RunTime:0.015642s ]
INFO: [ view_parse ] --END-- [ RunTime:0.015758s ]
INFO: [ view_filter ] --START--
INFO: ContentReplace Behavior ::run [ RunTime:0.001523s ]
INFO: TokenBuild Behavior ::run [ RunTime:0.001523s ]
INFO: WriteHtmlCache Behavior ::run [ RunTime:0.001659s ]
INFO: ShowRuntime Behavior ::run [ RunTime:0.003366s ]
INFO: [ view_filter ] --END-- [ RunTime:0.008488s ]
INFO: [ view_end ] --START--
INFO: ShowPageTrace Behavior ::run [ RunTime:0.001827s ]
INFO: [ view_end ] --END-- [ RunTime:0.001921s ]

[ 2018-05-13T22:16:22+08:00 ] 127.0.0.1 /dailyUp/admin.php/Index/top
INFO: [ route_check ] --START--
INFO: CheckRoute Behavior ::run [ RunTime:0.003058s ]
INFO: [ route_check ] --END-- [ RunTime:0.003250s ]
INFO: [ app_begin ] --START--
INFO: ReadHtmlCache Behavior ::run [ RunTime:0.001727s ]
INFO: [ app_begin ] --END-- [ RunTime:0.001861s ]
NOTIC: [8] Constant THEME_NAME already defined C:\AppServ\www\dailyUp\ThinkPHP\Lib\Core\View.class.php 第 223 行.
NOTIC: [8] Constant THEME_PATH already defined C:\AppServ\www\dailyUp\ThinkPHP\Lib\Core\View.class.php 第 174 行.
NOTIC: [8] Constant APP_TMPL_PATH already defined C:\AppServ\www\dailyUp\ThinkPHP\Lib\Core\View.class.php 第 175 行.
INFO: [ view_parse ] --START--
INFO: ParseTemplate Behavior ::run [ RunTime:0.015973s ]
INFO: [ view_parse ] --END-- [ RunTime:0.016140s ]
INFO: [ view_filter ] --START--
INFO: ContentReplace Behavior ::run [ RunTime:0.002009s ]
INFO: TokenBuild Behavior ::run [ RunTime:0.001643s ]
INFO: WriteHtmlCache Behavior ::run [ RunTime:0.001048s ]
INFO: ShowRuntime Behavior ::run [ RunTime:0.001156s ]
INFO: [ view_filter ] --END-- [ RunTime:0.006195s ]
INFO: [ view_end ] --START--
INFO: ShowPageTrace Behavior ::run [ RunTime:0.001362s ]
INFO: [ view_end ] --END-- [ RunTime:0.001432s ]

[ 2018-05-13T22:16:23+08:00 ] 127.0.0.1 /dailyUp/admin.php/Index/left
INFO: [ route_check ] --START--
INFO: CheckRoute Behavior ::run [ RunTime:0.005429s ]
INFO: [ route_check ] --END-- [ RunTime:0.005595s ]
INFO: [ app_begin ] --START--
INFO: ReadHtmlCache Behavior ::run [ RunTime:0.002535s ]
INFO: [ app_begin ] --END-- [ RunTime:0.002665s ]
NOTIC: [8] Constant THEME_NAME already defined C:\AppServ\www\dailyUp\ThinkPHP\Lib\Core\View.class.php 第 223 行.
NOTIC: [8] Constant THEME_PATH already defined C:\AppServ\www\dailyUp\ThinkPHP\Lib\Core\View.class.php 第 174 行.
NOTIC: [8] Constant APP_TMPL_PATH already defined C:\AppServ\www\dailyUp\ThinkPHP\Lib\Core\View.class.php 第 175 行.
INFO: [ view_parse ] --START--
INFO: ParseTemplate Behavior ::run [ RunTime:0.024164s ]
INFO: [ view_parse ] --END-- [ RunTime:0.024315s ]
INFO: [ view_filter ] --START--
INFO: ContentReplace Behavior ::run [ RunTime:0.001610s ]
INFO: TokenBuild Behavior ::run [ RunTime:0.001454s ]
INFO: WriteHtmlCache Behavior ::run [ RunTime:0.001336s ]
INFO: ShowRuntime Behavior ::run [ RunTime:0.001502s ]
INFO: [ view_filter ] --END-- [ RunTime:0.006119s ]
INFO: [ view_end ] --START--
INFO: ShowPageTrace Behavior ::run [ RunTime:0.001642s ]
INFO: [ view_end ] --END-- [ RunTime:0.001717s ]

[ 2018-05-13T22:16:23+08:00 ] 127.0.0.1 /dailyUp/admin.php/Index/right
INFO: [ route_check ] --START--
INFO: CheckRoute Behavior ::run [ RunTime:0.003068s ]
INFO: [ route_check ] --END-- [ RunTime:0.003220s ]
INFO: [ app_begin ] --START--
INFO: ReadHtmlCache Behavior ::run [ RunTime:0.004504s ]
INFO: [ app_begin ] --END-- [ RunTime:0.005826s ]
NOTIC: [8] Constant THEME_NAME already defined C:\AppServ\www\dailyUp\ThinkPHP\Lib\Core\View.class.php 第 223 行.
NOTIC: [8] Constant THEME_PATH already defined C:\AppServ\www\dailyUp\ThinkPHP\Lib\Core\View.class.php 第 174 行.
NOTIC: [8] Constant APP_TMPL_PATH already defined C:\AppServ\www\dailyUp\ThinkPHP\Lib\Core\View.class.php 第 175 行.
INFO: [ view_parse ] --START--
INFO: ParseTemplate Behavior ::run [ RunTime:0.016888s ]
INFO: [ view_parse ] --END-- [ RunTime:0.017077s ]
INFO: [ view_filter ] --START--
INFO: ContentReplace Behavior ::run [ RunTime:0.001738s ]
INFO: TokenBuild Behavior ::run [ RunTime:0.001496s ]
INFO: WriteHtmlCache Behavior ::run [ RunTime:0.001710s ]
INFO: ShowRuntime Behavior ::run [ RunTime:0.001581s ]
INFO: [ view_filter ] --END-- [ RunTime:0.006767s ]
INFO: [ view_end ] --START--
INFO: ShowPageTrace Behavior ::run [ RunTime:0.002026s ]
INFO: [ view_end ] --END-- [ RunTime:0.002115s ]

[ 2018-05-13T22:23:59+08:00 ] 127.0.0.1 /dailyUp/admin.php
INFO: [ app_begin ] --START--
INFO: ReadHtmlCache Behavior ::run [ RunTime:0.001838s ]
INFO: [ app_begin ] --END-- [ RunTime:0.001988s ]
INFO: [ view_parse ] --START--
INFO: ParseTemplate Behavior ::run [ RunTime:0.014219s ]
INFO: [ view_parse ] --END-- [ RunTime:0.014368s ]
INFO: [ view_filter ] --START--
INFO: ContentReplace Behavior ::run [ RunTime:0.001634s ]
INFO: TokenBuild Behavior ::run [ RunTime:0.001447s ]
INFO: WriteHtmlCache Behavior ::run [ RunTime:0.001327s ]
INFO: ShowRuntime Behavior ::run [ RunTime:0.001530s ]
INFO: [ view_filter ] --END-- [ RunTime:0.006155s ]
INFO: [ view_end ] --START--
INFO: ShowPageTrace Behavior ::run [ RunTime:0.001745s ]
INFO: [ view_end ] --END-- [ RunTime:0.001895s ]

[ 2018-05-13T22:23:59+08:00 ] 127.0.0.1 /dailyUp/admin.php/Index/top
INFO: [ route_check ] --START--
INFO: CheckRoute Behavior ::run [ RunTime:0.002273s ]
INFO: [ route_check ] --END-- [ RunTime:0.002378s ]
INFO: [ app_begin ] --START--
INFO: ReadHtmlCache Behavior ::run [ RunTime:0.001179s ]
INFO: [ app_begin ] --END-- [ RunTime:0.001257s ]
NOTIC: [8] Constant THEME_NAME already defined C:\AppServ\www\dailyUp\ThinkPHP\Lib\Core\View.class.php 第 223 行.
NOTIC: [8] Constant THEME_PATH already defined C:\AppServ\www\dailyUp\ThinkPHP\Lib\Core\View.class.php 第 174 行.
NOTIC: [8] Constant APP_TMPL_PATH already defined C:\AppServ\www\dailyUp\ThinkPHP\Lib\Core\View.class.php 第 175 行.
INFO: [ view_parse ] --START--
INFO: ParseTemplate Behavior ::run [ RunTime:0.014032s ]
INFO: [ view_parse ] --END-- [ RunTime:0.014194s ]
INFO: [ view_filter ] --START--
INFO: ContentReplace Behavior ::run [ RunTime:0.001765s ]
INFO: TokenBuild Behavior ::run [ RunTime:0.001530s ]
INFO: WriteHtmlCache Behavior ::run [ RunTime:0.001107s ]
INFO: ShowRuntime Behavior ::run [ RunTime:0.001107s ]
INFO: [ view_filter ] --END-- [ RunTime:0.005798s ]
INFO: [ view_end ] --START--
INFO: ShowPageTrace Behavior ::run [ RunTime:0.001241s ]
INFO: [ view_end ] --END-- [ RunTime:0.001307s ]

[ 2018-05-13T22:23:59+08:00 ] 127.0.0.1 /dailyUp/admin.php/Index/right
INFO: [ route_check ] --START--
INFO: CheckRoute Behavior ::run [ RunTime:0.002854s ]
INFO: [ route_check ] --END-- [ RunTime:0.003004s ]
INFO: [ app_begin ] --START--
INFO: ReadHtmlCache Behavior ::run [ RunTime:0.002253s ]
INFO: [ app_begin ] --END-- [ RunTime:0.002369s ]
NOTIC: [8] Constant THEME_NAME already defined C:\AppServ\www\dailyUp\ThinkPHP\Lib\Core\View.class.php 第 223 行.
NOTIC: [8] Constant THEME_PATH already defined C:\AppServ\www\dailyUp\ThinkPHP\Lib\Core\View.class.php 第 174 行.
NOTIC: [8] Constant APP_TMPL_PATH already defined C:\AppServ\www\dailyUp\ThinkPHP\Lib\Core\View.class.php 第 175 行.
INFO: [ view_parse ] --START--
INFO: ParseTemplate Behavior ::run [ RunTime:0.017671s ]
INFO: [ view_parse ] --END-- [ RunTime:0.017815s ]
INFO: [ view_filter ] --START--
INFO: ContentReplace Behavior ::run [ RunTime:0.001605s ]
INFO: TokenBuild Behavior ::run [ RunTime:0.001631s ]
INFO: WriteHtmlCache Behavior ::run [ RunTime:0.001703s ]
INFO: ShowRuntime Behavior ::run [ RunTime:0.002413s ]
INFO: [ view_filter ] --END-- [ RunTime:0.007686s ]
INFO: [ view_end ] --START--
INFO: ShowPageTrace Behavior ::run [ RunTime:0.002917s ]
INFO: [ view_end ] --END-- [ RunTime:0.003047s ]

[ 2018-05-13T22:23:59+08:00 ] 127.0.0.1 /dailyUp/admin.php/Index/left
INFO: [ route_check ] --START--
INFO: CheckRoute Behavior ::run [ RunTime:0.004138s ]
INFO: [ route_check ] --END-- [ RunTime:0.004303s ]
INFO: [ app_begin ] --START--
INFO: ReadHtmlCache Behavior ::run [ RunTime:0.001657s ]
INFO: [ app_begin ] --END-- [ RunTime:0.001739s ]
NOTIC: [8] Constant THEME_NAME already defined C:\AppServ\www\dailyUp\ThinkPHP\Lib\Core\View.class.php 第 223 行.
NOTIC: [8] Constant THEME_PATH already defined C:\AppServ\www\dailyUp\ThinkPHP\Lib\Core\View.class.php 第 174 行.
NOTIC: [8] Constant APP_TMPL_PATH already defined C:\AppServ\www\dailyUp\ThinkPHP\Lib\Core\View.class.php 第 175 行.
INFO: [ view_parse ] --START--
NOTIC: [8] Undefined index:  username C:\AppServ\www\dailyUp\Admin\Runtime\Cache\32ab8e8c53f1d3a4ec4914ac5a4844a9.php 第 46 行.
INFO: ParseTemplate Behavior ::run [ RunTime:0.031346s ]
INFO: [ view_parse ] --END-- [ RunTime:0.031456s ]
INFO: [ view_filter ] --START--
INFO: ContentReplace Behavior ::run [ RunTime:0.001517s ]
INFO: TokenBuild Behavior ::run [ RunTime:0.001534s ]
INFO: WriteHtmlCache Behavior ::run [ RunTime:0.002087s ]
INFO: ShowRuntime Behavior ::run [ RunTime:0.001644s ]
INFO: [ view_filter ] --END-- [ RunTime:0.007041s ]
INFO: [ view_end ] --START--
INFO: ShowPageTrace Behavior ::run [ RunTime:0.002078s ]
INFO: [ view_end ] --END-- [ RunTime:0.002220s ]

[ 2018-05-13T22:26:04+08:00 ] 127.0.0.1 /dailyUp/admin.php
INFO: [ app_begin ] --START--
INFO: ReadHtmlCache Behavior ::run [ RunTime:0.002869s ]
INFO: [ app_begin ] --END-- [ RunTime:0.003086s ]
INFO: [ view_parse ] --START--
INFO: ParseTemplate Behavior ::run [ RunTime:0.013755s ]
INFO: [ view_parse ] --END-- [ RunTime:0.013914s ]
INFO: [ view_filter ] --START--
INFO: ContentReplace Behavior ::run [ RunTime:0.001551s ]
INFO: TokenBuild Behavior ::run [ RunTime:0.001460s ]
INFO: WriteHtmlCache Behavior ::run [ RunTime:0.002027s ]
INFO: ShowRuntime Behavior ::run [ RunTime:0.001608s ]
INFO: [ view_filter ] --END-- [ RunTime:0.006999s ]
INFO: [ view_end ] --START--
INFO: ShowPageTrace Behavior ::run [ RunTime:0.001833s ]
INFO: [ view_end ] --END-- [ RunTime:0.001933s ]

[ 2018-05-13T22:26:04+08:00 ] 127.0.0.1 /dailyUp/admin.php/Index/left
INFO: [ route_check ] --START--
INFO: CheckRoute Behavior ::run [ RunTime:0.002971s ]
INFO: [ route_check ] --END-- [ RunTime:0.003139s ]
INFO: [ app_begin ] --START--
INFO: ReadHtmlCache Behavior ::run [ RunTime:0.002530s ]
INFO: [ app_begin ] --END-- [ RunTime:0.002658s ]
NOTIC: [8] Constant THEME_NAME already defined C:\AppServ\www\dailyUp\ThinkPHP\Lib\Core\View.class.php 第 223 行.
NOTIC: [8] Constant THEME_PATH already defined C:\AppServ\www\dailyUp\ThinkPHP\Lib\Core\View.class.php 第 174 行.
NOTIC: [8] Constant APP_TMPL_PATH already defined C:\AppServ\www\dailyUp\ThinkPHP\Lib\Core\View.class.php 第 175 行.
INFO: [ view_parse ] --START--
NOTIC: [8] Undefined index:  username C:\AppServ\www\dailyUp\Admin\Runtime\Cache\32ab8e8c53f1d3a4ec4914ac5a4844a9.php 第 46 行.
INFO: ParseTemplate Behavior ::run [ RunTime:0.020557s ]
INFO: [ view_parse ] --END-- [ RunTime:0.020693s ]
INFO: [ view_filter ] --START--
INFO: ContentReplace Behavior ::run [ RunTime:0.001480s ]
INFO: TokenBuild Behavior ::run [ RunTime:0.001384s ]
INFO: WriteHtmlCache Behavior ::run [ RunTime:0.001304s ]
INFO: ShowRuntime Behavior ::run [ RunTime:0.001521s ]
INFO: [ view_filter ] --END-- [ RunTime:0.005915s ]
INFO: [ view_end ] --START--
INFO: ShowPageTrace Behavior ::run [ RunTime:0.002451s ]
INFO: [ view_end ] --END-- [ RunTime:0.002568s ]

[ 2018-05-13T22:26:05+08:00 ] 127.0.0.1 /dailyUp/admin.php/Index/top
INFO: [ route_check ] --START--
INFO: CheckRoute Behavior ::run [ RunTime:0.002985s ]
INFO: [ route_check ] --END-- [ RunTime:0.003157s ]
INFO: [ app_begin ] --START--
INFO: ReadHtmlCache Behavior ::run [ RunTime:0.001718s ]
INFO: [ app_begin ] --END-- [ RunTime:0.001847s ]
NOTIC: [8] Constant THEME_NAME already defined C:\AppServ\www\dailyUp\ThinkPHP\Lib\Core\View.class.php 第 223 行.
NOTIC: [8] Constant THEME_PATH already defined C:\AppServ\www\dailyUp\ThinkPHP\Lib\Core\View.class.php 第 174 行.
NOTIC: [8] Constant APP_TMPL_PATH already defined C:\AppServ\www\dailyUp\ThinkPHP\Lib\Core\View.class.php 第 175 行.
INFO: [ view_parse ] --START--
INFO: ParseTemplate Behavior ::run [ RunTime:0.018245s ]
INFO: [ view_parse ] --END-- [ RunTime:0.018399s ]
INFO: [ view_filter ] --START--
INFO: ContentReplace Behavior ::run [ RunTime:0.003223s ]
INFO: TokenBuild Behavior ::run [ RunTime:0.001835s ]
INFO: WriteHtmlCache Behavior ::run [ RunTime:0.001625s ]
INFO: ShowRuntime Behavior ::run [ RunTime:0.001876s ]
INFO: [ view_filter ] --END-- [ RunTime:0.008983s ]
INFO: [ view_end ] --START--
INFO: ShowPageTrace Behavior ::run [ RunTime:0.001577s ]
INFO: [ view_end ] --END-- [ RunTime:0.001787s ]

[ 2018-05-13T22:26:05+08:00 ] 127.0.0.1 /dailyUp/admin.php/Index/right
INFO: [ route_check ] --START--
INFO: CheckRoute Behavior ::run [ RunTime:0.002976s ]
INFO: [ route_check ] --END-- [ RunTime:0.003088s ]
INFO: [ app_begin ] --START--
INFO: ReadHtmlCache Behavior ::run [ RunTime:0.001609s ]
INFO: [ app_begin ] --END-- [ RunTime:0.001721s ]
NOTIC: [8] Constant THEME_NAME already defined C:\AppServ\www\dailyUp\ThinkPHP\Lib\Core\View.class.php 第 223 行.
NOTIC: [8] Constant THEME_PATH already defined C:\AppServ\www\dailyUp\ThinkPHP\Lib\Core\View.class.php 第 174 行.
NOTIC: [8] Constant APP_TMPL_PATH already defined C:\AppServ\www\dailyUp\ThinkPHP\Lib\Core\View.class.php 第 175 行.
INFO: [ view_parse ] --START--
INFO: ParseTemplate Behavior ::run [ RunTime:0.023025s ]
INFO: [ view_parse ] --END-- [ RunTime:0.023133s ]
INFO: [ view_filter ] --START--
INFO: ContentReplace Behavior ::run [ RunTime:0.001433s ]
INFO: TokenBuild Behavior ::run [ RunTime:0.001726s ]
INFO: WriteHtmlCache Behavior ::run [ RunTime:0.002134s ]
INFO: ShowRuntime Behavior ::run [ RunTime:0.001551s ]
INFO: [ view_filter ] --END-- [ RunTime:0.007208s ]
INFO: [ view_end ] --START--
INFO: ShowPageTrace Behavior ::run [ RunTime:0.001597s ]
INFO: [ view_end ] --END-- [ RunTime:0.001665s ]

