[ 2018-05-27T00:02:46+08:00 ] 127.0.0.1 /dailyUp/admin.php/User/edit/id/2
INFO: [ route_check ] --START--
INFO: CheckRoute Behavior ::run [ RunTime:0.001560s ]
INFO: [ route_check ] --END-- [ RunTime:0.001676s ]
INFO: [ app_begin ] --START--
INFO: ReadHtmlCache Behavior ::run [ RunTime:0.001102s ]
INFO: [ app_begin ] --END-- [ RunTime:0.001179s ]
SQL: SHOW COLUMNS FROM `user` [ RunTime:0.002966s ]
NOTIC: [8] Use of undefined constant id - assumed 'id' C:\AppServ\www\dailyUp\Admin\Lib\Action\UserAction.class.php 第 37 行.
SQL: SELECT * FROM `user` WHERE ( `id` = 2 ) LIMIT 1   [ RunTime:0.001283s ]
INFO: [ view_parse ] --START--
NOTIC: [8] Use of undefined constant name - assumed 'name' C:\AppServ\www\dailyUp\Admin\Runtime\Cache\2d49651a61ec748a6836cf5c047469c0.php 第 19 行.
NOTIC: [8] Use of undefined constant id - assumed 'id' C:\AppServ\www\dailyUp\Admin\Runtime\Cache\2d49651a61ec748a6836cf5c047469c0.php 第 22 行.
INFO: ParseTemplate Behavior ::run [ RunTime:0.011608s ]
INFO: [ view_parse ] --END-- [ RunTime:0.011748s ]
INFO: [ view_filter ] --START--
INFO: ContentReplace Behavior ::run [ RunTime:0.000986s ]
INFO: TokenBuild Behavior ::run [ RunTime:0.000924s ]
INFO: WriteHtmlCache Behavior ::run [ RunTime:0.000805s ]
INFO: ShowRuntime Behavior ::run [ RunTime:0.001418s ]
INFO: [ view_filter ] --END-- [ RunTime:0.004335s ]
INFO: [ view_end ] --START--
INFO: ShowPageTrace Behavior ::run [ RunTime:0.001224s ]
INFO: [ view_end ] --END-- [ RunTime:0.001295s ]

[ 2018-05-27T00:03:00+08:00 ] 127.0.0.1 /dailyUp/admin.php/User/update
INFO: [ route_check ] --START--
INFO: CheckRoute Behavior ::run [ RunTime:0.001899s ]
INFO: [ route_check ] --END-- [ RunTime:0.002057s ]
INFO: [ app_begin ] --START--
INFO: ReadHtmlCache Behavior ::run [ RunTime:0.001290s ]
INFO: [ app_begin ] --END-- [ RunTime:0.001420s ]
SQL: SHOW COLUMNS FROM `user` [ RunTime:0.003568s ]
SQL: UPDATE `user` SET `name`='Amy Feng',`password`='9b748e0adf614e64ae1c04cc30f9f316' WHERE ( `id` = 2 ) [ RunTime:0.002778s ]

[ 2018-05-27T00:03:03+08:00 ] 127.0.0.1 /dailyUp/admin.php/User/update
INFO: [ route_check ] --START--
INFO: CheckRoute Behavior ::run [ RunTime:0.001080s ]
INFO: [ route_check ] --END-- [ RunTime:0.001235s ]
INFO: [ app_begin ] --START--
INFO: ReadHtmlCache Behavior ::run [ RunTime:0.000775s ]
INFO: [ app_begin ] --END-- [ RunTime:0.000905s ]
SQL: SHOW COLUMNS FROM `user` [ RunTime:0.003588s ]
SQL: UPDATE `user` SET `name`='Amy Feng',`password`='9b748e0adf614e64ae1c04cc30f9f316' WHERE ( `id` = 2 ) [ RunTime:0.001214s ]

[ 2018-05-27T00:03:08+08:00 ] 127.0.0.1 /dailyUp/admin.php/User/index
INFO: [ route_check ] --START--
INFO: CheckRoute Behavior ::run [ RunTime:0.001949s ]
INFO: [ route_check ] --END-- [ RunTime:0.002200s ]
INFO: [ app_begin ] --START--
INFO: ReadHtmlCache Behavior ::run [ RunTime:0.000764s ]
INFO: [ app_begin ] --END-- [ RunTime:0.000860s ]
SQL: SHOW COLUMNS FROM `user` [ RunTime:0.002996s ]
SQL: SELECT COUNT(*) AS tp_count FROM `user` LIMIT 1   [ RunTime:0.001439s ]
SQL: SELECT * FROM `user` ORDER BY id LIMIT 0,2   [ RunTime:0.000311s ]
INFO: [ view_parse ] --START--
NOTIC: [8] Use of undefined constant id - assumed 'id' C:\AppServ\www\dailyUp\Admin\Runtime\Cache\d21dfc824bea5bd7b4a7300e628768b9.php 第 26 行.
NOTIC: [8] Use of undefined constant name - assumed 'name' C:\AppServ\www\dailyUp\Admin\Runtime\Cache\d21dfc824bea5bd7b4a7300e628768b9.php 第 27 行.
NOTIC: [8] Use of undefined constant isadmin - assumed 'isadmin' C:\AppServ\www\dailyUp\Admin\Runtime\Cache\d21dfc824bea5bd7b4a7300e628768b9.php 第 28 行.
NOTIC: [8] Use of undefined constant id - assumed 'id' C:\AppServ\www\dailyUp\Admin\Runtime\Cache\d21dfc824bea5bd7b4a7300e628768b9.php 第 29 行.
NOTIC: [8] Use of undefined constant id - assumed 'id' C:\AppServ\www\dailyUp\Admin\Runtime\Cache\d21dfc824bea5bd7b4a7300e628768b9.php 第 30 行.
NOTIC: [8] Use of undefined constant id - assumed 'id' C:\AppServ\www\dailyUp\Admin\Runtime\Cache\d21dfc824bea5bd7b4a7300e628768b9.php 第 26 行.
NOTIC: [8] Use of undefined constant name - assumed 'name' C:\AppServ\www\dailyUp\Admin\Runtime\Cache\d21dfc824bea5bd7b4a7300e628768b9.php 第 27 行.
NOTIC: [8] Use of undefined constant isadmin - assumed 'isadmin' C:\AppServ\www\dailyUp\Admin\Runtime\Cache\d21dfc824bea5bd7b4a7300e628768b9.php 第 28 行.
NOTIC: [8] Use of undefined constant id - assumed 'id' C:\AppServ\www\dailyUp\Admin\Runtime\Cache\d21dfc824bea5bd7b4a7300e628768b9.php 第 29 行.
NOTIC: [8] Use of undefined constant id - assumed 'id' C:\AppServ\www\dailyUp\Admin\Runtime\Cache\d21dfc824bea5bd7b4a7300e628768b9.php 第 30 行.
INFO: ParseTemplate Behavior ::run [ RunTime:0.015051s ]
INFO: [ view_parse ] --END-- [ RunTime:0.015155s ]
INFO: [ view_filter ] --START--
INFO: ContentReplace Behavior ::run [ RunTime:0.001049s ]
INFO: TokenBuild Behavior ::run [ RunTime:0.001127s ]
INFO: WriteHtmlCache Behavior ::run [ RunTime:0.000951s ]
INFO: ShowRuntime Behavior ::run [ RunTime:0.001478s ]
INFO: [ view_filter ] --END-- [ RunTime:0.004943s ]
INFO: [ view_end ] --START--
INFO: ShowPageTrace Behavior ::run [ RunTime:0.001799s ]
INFO: [ view_end ] --END-- [ RunTime:0.001923s ]

[ 2018-05-27T00:03:10+08:00 ] 127.0.0.1 /dailyUp/admin.php/User/edit/id/2
INFO: [ route_check ] --START--
INFO: CheckRoute Behavior ::run [ RunTime:0.001009s ]
INFO: [ route_check ] --END-- [ RunTime:0.001123s ]
INFO: [ app_begin ] --START--
INFO: ReadHtmlCache Behavior ::run [ RunTime:0.000716s ]
INFO: [ app_begin ] --END-- [ RunTime:0.000793s ]
SQL: SHOW COLUMNS FROM `user` [ RunTime:0.003683s ]
NOTIC: [8] Use of undefined constant id - assumed 'id' C:\AppServ\www\dailyUp\Admin\Lib\Action\UserAction.class.php 第 37 行.
SQL: SELECT * FROM `user` WHERE ( `id` = 2 ) LIMIT 1   [ RunTime:0.001227s ]
INFO: [ view_parse ] --START--
NOTIC: [8] Use of undefined constant name - assumed 'name' C:\AppServ\www\dailyUp\Admin\Runtime\Cache\2d49651a61ec748a6836cf5c047469c0.php 第 19 行.
NOTIC: [8] Use of undefined constant id - assumed 'id' C:\AppServ\www\dailyUp\Admin\Runtime\Cache\2d49651a61ec748a6836cf5c047469c0.php 第 22 行.
INFO: ParseTemplate Behavior ::run [ RunTime:0.009618s ]
INFO: [ view_parse ] --END-- [ RunTime:0.009718s ]
INFO: [ view_filter ] --START--
INFO: ContentReplace Behavior ::run [ RunTime:0.000531s ]
INFO: TokenBuild Behavior ::run [ RunTime:0.000495s ]
INFO: WriteHtmlCache Behavior ::run [ RunTime:0.000413s ]
INFO: ShowRuntime Behavior ::run [ RunTime:0.000573s ]
INFO: [ view_filter ] --END-- [ RunTime:0.002209s ]
INFO: [ view_end ] --START--
INFO: ShowPageTrace Behavior ::run [ RunTime:0.000686s ]
INFO: [ view_end ] --END-- [ RunTime:0.000752s ]

[ 2018-05-27T00:03:13+08:00 ] 127.0.0.1 /dailyUp/admin.php/User/update
INFO: [ route_check ] --START--
INFO: CheckRoute Behavior ::run [ RunTime:0.000952s ]
INFO: [ route_check ] --END-- [ RunTime:0.001058s ]
INFO: [ app_begin ] --START--
INFO: ReadHtmlCache Behavior ::run [ RunTime:0.000958s ]
INFO: [ app_begin ] --END-- [ RunTime:0.001038s ]
SQL: SHOW COLUMNS FROM `user` [ RunTime:0.003909s ]
SQL: UPDATE `user` SET `name`='Amy Feng',`password`='9b748e0adf614e64ae1c04cc30f9f316' WHERE ( `id` = 2 ) [ RunTime:0.001111s ]

[ 2018-05-27T00:03:16+08:00 ] 127.0.0.1 /dailyUp/admin.php/User/index
INFO: [ route_check ] --START--
INFO: CheckRoute Behavior ::run [ RunTime:0.000929s ]
INFO: [ route_check ] --END-- [ RunTime:0.001027s ]
INFO: [ app_begin ] --START--
INFO: ReadHtmlCache Behavior ::run [ RunTime:0.000632s ]
INFO: [ app_begin ] --END-- [ RunTime:0.000706s ]
SQL: SHOW COLUMNS FROM `user` [ RunTime:0.002894s ]
SQL: SELECT COUNT(*) AS tp_count FROM `user` LIMIT 1   [ RunTime:0.001075s ]
SQL: SELECT * FROM `user` ORDER BY id LIMIT 0,2   [ RunTime:0.000308s ]
INFO: [ view_parse ] --START--
NOTIC: [8] Use of undefined constant id - assumed 'id' C:\AppServ\www\dailyUp\Admin\Runtime\Cache\d21dfc824bea5bd7b4a7300e628768b9.php 第 26 行.
NOTIC: [8] Use of undefined constant name - assumed 'name' C:\AppServ\www\dailyUp\Admin\Runtime\Cache\d21dfc824bea5bd7b4a7300e628768b9.php 第 27 行.
NOTIC: [8] Use of undefined constant isadmin - assumed 'isadmin' C:\AppServ\www\dailyUp\Admin\Runtime\Cache\d21dfc824bea5bd7b4a7300e628768b9.php 第 28 行.
NOTIC: [8] Use of undefined constant id - assumed 'id' C:\AppServ\www\dailyUp\Admin\Runtime\Cache\d21dfc824bea5bd7b4a7300e628768b9.php 第 29 行.
NOTIC: [8] Use of undefined constant id - assumed 'id' C:\AppServ\www\dailyUp\Admin\Runtime\Cache\d21dfc824bea5bd7b4a7300e628768b9.php 第 30 行.
NOTIC: [8] Use of undefined constant id - assumed 'id' C:\AppServ\www\dailyUp\Admin\Runtime\Cache\d21dfc824bea5bd7b4a7300e628768b9.php 第 26 行.
NOTIC: [8] Use of undefined constant name - assumed 'name' C:\AppServ\www\dailyUp\Admin\Runtime\Cache\d21dfc824bea5bd7b4a7300e628768b9.php 第 27 行.
NOTIC: [8] Use of undefined constant isadmin - assumed 'isadmin' C:\AppServ\www\dailyUp\Admin\Runtime\Cache\d21dfc824bea5bd7b4a7300e628768b9.php 第 28 行.
NOTIC: [8] Use of undefined constant id - assumed 'id' C:\AppServ\www\dailyUp\Admin\Runtime\Cache\d21dfc824bea5bd7b4a7300e628768b9.php 第 29 行.
NOTIC: [8] Use of undefined constant id - assumed 'id' C:\AppServ\www\dailyUp\Admin\Runtime\Cache\d21dfc824bea5bd7b4a7300e628768b9.php 第 30 行.
INFO: ParseTemplate Behavior ::run [ RunTime:0.013069s ]
INFO: [ view_parse ] --END-- [ RunTime:0.013174s ]
INFO: [ view_filter ] --START--
INFO: ContentReplace Behavior ::run [ RunTime:0.000587s ]
INFO: TokenBuild Behavior ::run [ RunTime:0.000527s ]
INFO: WriteHtmlCache Behavior ::run [ RunTime:0.000403s ]
INFO: ShowRuntime Behavior ::run [ RunTime:0.000608s ]
INFO: [ view_filter ] --END-- [ RunTime:0.002351s ]
INFO: [ view_end ] --START--
INFO: ShowPageTrace Behavior ::run [ RunTime:0.000702s ]
INFO: [ view_end ] --END-- [ RunTime:0.000770s ]

[ 2018-05-27T00:03:19+08:00 ] 127.0.0.1 /dailyUp/admin.php/User/edit/id/2
INFO: [ route_check ] --START--
INFO: CheckRoute Behavior ::run [ RunTime:0.001652s ]
INFO: [ route_check ] --END-- [ RunTime:0.001812s ]
INFO: [ app_begin ] --START--
INFO: ReadHtmlCache Behavior ::run [ RunTime:0.001148s ]
INFO: [ app_begin ] --END-- [ RunTime:0.001275s ]
SQL: SHOW COLUMNS FROM `user` [ RunTime:0.002913s ]
NOTIC: [8] Use of undefined constant id - assumed 'id' C:\AppServ\www\dailyUp\Admin\Lib\Action\UserAction.class.php 第 37 行.
SQL: SELECT * FROM `user` WHERE ( `id` = 2 ) LIMIT 1   [ RunTime:0.001177s ]
INFO: [ view_parse ] --START--
NOTIC: [8] Use of undefined constant name - assumed 'name' C:\AppServ\www\dailyUp\Admin\Runtime\Cache\2d49651a61ec748a6836cf5c047469c0.php 第 19 行.
NOTIC: [8] Use of undefined constant id - assumed 'id' C:\AppServ\www\dailyUp\Admin\Runtime\Cache\2d49651a61ec748a6836cf5c047469c0.php 第 22 行.
INFO: ParseTemplate Behavior ::run [ RunTime:0.009231s ]
INFO: [ view_parse ] --END-- [ RunTime:0.009349s ]
INFO: [ view_filter ] --START--
INFO: ContentReplace Behavior ::run [ RunTime:0.000590s ]
INFO: TokenBuild Behavior ::run [ RunTime:0.000552s ]
INFO: WriteHtmlCache Behavior ::run [ RunTime:0.000391s ]
INFO: ShowRuntime Behavior ::run [ RunTime:0.000561s ]
INFO: [ view_filter ] --END-- [ RunTime:0.002283s ]
INFO: [ view_end ] --START--
INFO: ShowPageTrace Behavior ::run [ RunTime:0.000716s ]
INFO: [ view_end ] --END-- [ RunTime:0.000788s ]

[ 2018-05-27T00:03:33+08:00 ] 127.0.0.1 /dailyUp/admin.php/User/update
INFO: [ route_check ] --START--
INFO: CheckRoute Behavior ::run [ RunTime:0.000965s ]
INFO: [ route_check ] --END-- [ RunTime:0.001062s ]
INFO: [ app_begin ] --START--
INFO: ReadHtmlCache Behavior ::run [ RunTime:0.000654s ]
INFO: [ app_begin ] --END-- [ RunTime:0.000722s ]
SQL: SHOW COLUMNS FROM `user` [ RunTime:0.003037s ]
SQL: UPDATE `user` SET `name`='Amy Feng',`password`='7981789f6fc1a02ab9a841957b2ffafc' WHERE ( `id` = 2 ) [ RunTime:0.001068s ]

[ 2018-05-27T00:03:34+08:00 ] 127.0.0.1 /dailyUp/admin.php/User/index
INFO: [ route_check ] --START--
INFO: CheckRoute Behavior ::run [ RunTime:0.001422s ]
INFO: [ route_check ] --END-- [ RunTime:0.001567s ]
INFO: [ app_begin ] --START--
INFO: ReadHtmlCache Behavior ::run [ RunTime:0.000906s ]
INFO: [ app_begin ] --END-- [ RunTime:0.001021s ]
SQL: SHOW COLUMNS FROM `user` [ RunTime:0.003377s ]
SQL: SELECT COUNT(*) AS tp_count FROM `user` LIMIT 1   [ RunTime:0.002534s ]
SQL: SELECT * FROM `user` ORDER BY id LIMIT 0,2   [ RunTime:0.000410s ]
INFO: [ view_parse ] --START--
NOTIC: [8] Use of undefined constant id - assumed 'id' C:\AppServ\www\dailyUp\Admin\Runtime\Cache\d21dfc824bea5bd7b4a7300e628768b9.php 第 26 行.
NOTIC: [8] Use of undefined constant name - assumed 'name' C:\AppServ\www\dailyUp\Admin\Runtime\Cache\d21dfc824bea5bd7b4a7300e628768b9.php 第 27 行.
NOTIC: [8] Use of undefined constant isadmin - assumed 'isadmin' C:\AppServ\www\dailyUp\Admin\Runtime\Cache\d21dfc824bea5bd7b4a7300e628768b9.php 第 28 行.
NOTIC: [8] Use of undefined constant id - assumed 'id' C:\AppServ\www\dailyUp\Admin\Runtime\Cache\d21dfc824bea5bd7b4a7300e628768b9.php 第 29 行.
NOTIC: [8] Use of undefined constant id - assumed 'id' C:\AppServ\www\dailyUp\Admin\Runtime\Cache\d21dfc824bea5bd7b4a7300e628768b9.php 第 30 行.
NOTIC: [8] Use of undefined constant id - assumed 'id' C:\AppServ\www\dailyUp\Admin\Runtime\Cache\d21dfc824bea5bd7b4a7300e628768b9.php 第 26 行.
NOTIC: [8] Use of undefined constant name - assumed 'name' C:\AppServ\www\dailyUp\Admin\Runtime\Cache\d21dfc824bea5bd7b4a7300e628768b9.php 第 27 行.
NOTIC: [8] Use of undefined constant isadmin - assumed 'isadmin' C:\AppServ\www\dailyUp\Admin\Runtime\Cache\d21dfc824bea5bd7b4a7300e628768b9.php 第 28 行.
NOTIC: [8] Use of undefined constant id - assumed 'id' C:\AppServ\www\dailyUp\Admin\Runtime\Cache\d21dfc824bea5bd7b4a7300e628768b9.php 第 29 行.
NOTIC: [8] Use of undefined constant id - assumed 'id' C:\AppServ\www\dailyUp\Admin\Runtime\Cache\d21dfc824bea5bd7b4a7300e628768b9.php 第 30 行.
INFO: ParseTemplate Behavior ::run [ RunTime:0.012716s ]
INFO: [ view_parse ] --END-- [ RunTime:0.012821s ]
INFO: [ view_filter ] --START--
INFO: ContentReplace Behavior ::run [ RunTime:0.000567s ]
INFO: TokenBuild Behavior ::run [ RunTime:0.000518s ]
INFO: WriteHtmlCache Behavior ::run [ RunTime:0.000446s ]
INFO: ShowRuntime Behavior ::run [ RunTime:0.000673s ]
INFO: [ view_filter ] --END-- [ RunTime:0.002442s ]
INFO: [ view_end ] --START--
INFO: ShowPageTrace Behavior ::run [ RunTime:0.000823s ]
INFO: [ view_end ] --END-- [ RunTime:0.000899s ]

[ 2018-05-27T00:03:36+08:00 ] 127.0.0.1 /dailyUp/admin.php/User/edit/id/2
INFO: [ route_check ] --START--
INFO: CheckRoute Behavior ::run [ RunTime:0.001048s ]
INFO: [ route_check ] --END-- [ RunTime:0.001171s ]
INFO: [ app_begin ] --START--
INFO: ReadHtmlCache Behavior ::run [ RunTime:0.000661s ]
INFO: [ app_begin ] --END-- [ RunTime:0.000736s ]
SQL: SHOW COLUMNS FROM `user` [ RunTime:0.003680s ]
NOTIC: [8] Use of undefined constant id - assumed 'id' C:\AppServ\www\dailyUp\Admin\Lib\Action\UserAction.class.php 第 37 行.
SQL: SELECT * FROM `user` WHERE ( `id` = 2 ) LIMIT 1   [ RunTime:0.001571s ]
INFO: [ view_parse ] --START--
NOTIC: [8] Use of undefined constant name - assumed 'name' C:\AppServ\www\dailyUp\Admin\Runtime\Cache\2d49651a61ec748a6836cf5c047469c0.php 第 19 行.
NOTIC: [8] Use of undefined constant id - assumed 'id' C:\AppServ\www\dailyUp\Admin\Runtime\Cache\2d49651a61ec748a6836cf5c047469c0.php 第 22 行.
INFO: ParseTemplate Behavior ::run [ RunTime:0.010145s ]
INFO: [ view_parse ] --END-- [ RunTime:0.010248s ]
INFO: [ view_filter ] --START--
INFO: ContentReplace Behavior ::run [ RunTime:0.000630s ]
INFO: TokenBuild Behavior ::run [ RunTime:0.000840s ]
INFO: WriteHtmlCache Behavior ::run [ RunTime:0.000703s ]
INFO: ShowRuntime Behavior ::run [ RunTime:0.001066s ]
INFO: [ view_filter ] --END-- [ RunTime:0.003597s ]
INFO: [ view_end ] --START--
INFO: ShowPageTrace Behavior ::run [ RunTime:0.001254s ]
INFO: [ view_end ] --END-- [ RunTime:0.001386s ]

[ 2018-05-27T00:03:39+08:00 ] 127.0.0.1 /dailyUp/admin.php/User/update
INFO: [ route_check ] --START--
INFO: CheckRoute Behavior ::run [ RunTime:0.001328s ]
INFO: [ route_check ] --END-- [ RunTime:0.001481s ]
INFO: [ app_begin ] --START--
INFO: ReadHtmlCache Behavior ::run [ RunTime:0.000779s ]
INFO: [ app_begin ] --END-- [ RunTime:0.000878s ]
SQL: SHOW COLUMNS FROM `user` [ RunTime:0.005351s ]
SQL: UPDATE `user` SET `name`='Amy Feng',`password`='7981789f6fc1a02ab9a841957b2ffafc' WHERE ( `id` = 2 ) [ RunTime:0.002519s ]

[ 2018-05-27T00:03:41+08:00 ] 127.0.0.1 /dailyUp/admin.php/User/update
INFO: [ route_check ] --START--
INFO: CheckRoute Behavior ::run [ RunTime:0.001191s ]
INFO: [ route_check ] --END-- [ RunTime:0.001402s ]
INFO: [ app_begin ] --START--
INFO: ReadHtmlCache Behavior ::run [ RunTime:0.000743s ]
INFO: [ app_begin ] --END-- [ RunTime:0.000836s ]
SQL: SHOW COLUMNS FROM `user` [ RunTime:0.003030s ]
SQL: UPDATE `user` SET `name`='Amy Feng',`password`='7981789f6fc1a02ab9a841957b2ffafc' WHERE ( `id` = 2 ) [ RunTime:0.000966s ]

[ 2018-05-27T00:05:57+08:00 ] 127.0.0.1 /dailyUp/admin.php/User/index
INFO: [ route_check ] --START--
INFO: CheckRoute Behavior ::run [ RunTime:0.002352s ]
INFO: [ route_check ] --END-- [ RunTime:0.002520s ]
INFO: [ app_begin ] --START--
INFO: ReadHtmlCache Behavior ::run [ RunTime:0.001834s ]
INFO: [ app_begin ] --END-- [ RunTime:0.001962s ]
SQL: SHOW COLUMNS FROM `user` [ RunTime:0.002996s ]
SQL: SELECT COUNT(*) AS tp_count FROM `user` LIMIT 1   [ RunTime:0.001027s ]
SQL: SELECT * FROM `user` ORDER BY id LIMIT 0,2   [ RunTime:0.000313s ]
INFO: [ view_parse ] --START--
NOTIC: [8] Use of undefined constant id - assumed 'id' C:\AppServ\www\dailyUp\Admin\Runtime\Cache\d21dfc824bea5bd7b4a7300e628768b9.php 第 26 行.
NOTIC: [8] Use of undefined constant name - assumed 'name' C:\AppServ\www\dailyUp\Admin\Runtime\Cache\d21dfc824bea5bd7b4a7300e628768b9.php 第 27 行.
NOTIC: [8] Use of undefined constant isadmin - assumed 'isadmin' C:\AppServ\www\dailyUp\Admin\Runtime\Cache\d21dfc824bea5bd7b4a7300e628768b9.php 第 28 行.
NOTIC: [8] Use of undefined constant id - assumed 'id' C:\AppServ\www\dailyUp\Admin\Runtime\Cache\d21dfc824bea5bd7b4a7300e628768b9.php 第 29 行.
NOTIC: [8] Use of undefined constant id - assumed 'id' C:\AppServ\www\dailyUp\Admin\Runtime\Cache\d21dfc824bea5bd7b4a7300e628768b9.php 第 30 行.
NOTIC: [8] Use of undefined constant id - assumed 'id' C:\AppServ\www\dailyUp\Admin\Runtime\Cache\d21dfc824bea5bd7b4a7300e628768b9.php 第 26 行.
NOTIC: [8] Use of undefined constant name - assumed 'name' C:\AppServ\www\dailyUp\Admin\Runtime\Cache\d21dfc824bea5bd7b4a7300e628768b9.php 第 27 行.
NOTIC: [8] Use of undefined constant isadmin - assumed 'isadmin' C:\AppServ\www\dailyUp\Admin\Runtime\Cache\d21dfc824bea5bd7b4a7300e628768b9.php 第 28 行.
NOTIC: [8] Use of undefined constant id - assumed 'id' C:\AppServ\www\dailyUp\Admin\Runtime\Cache\d21dfc824bea5bd7b4a7300e628768b9.php 第 29 行.
NOTIC: [8] Use of undefined constant id - assumed 'id' C:\AppServ\www\dailyUp\Admin\Runtime\Cache\d21dfc824bea5bd7b4a7300e628768b9.php 第 30 行.
INFO: ParseTemplate Behavior ::run [ RunTime:0.013405s ]
INFO: [ view_parse ] --END-- [ RunTime:0.013503s ]
INFO: [ view_filter ] --START--
INFO: ContentReplace Behavior ::run [ RunTime:0.000980s ]
INFO: TokenBuild Behavior ::run [ RunTime:0.000917s ]
INFO: WriteHtmlCache Behavior ::run [ RunTime:0.000862s ]
INFO: ShowRuntime Behavior ::run [ RunTime:0.000995s ]
INFO: [ view_filter ] --END-- [ RunTime:0.003944s ]
INFO: [ view_end ] --START--
INFO: ShowPageTrace Behavior ::run [ RunTime:0.001136s ]
INFO: [ view_end ] --END-- [ RunTime:0.001211s ]

