[ 2018-05-28T20:26:22+08:00 ] 127.0.0.1 /dailyUp/index.php/Login/index
INFO: [ route_check ] --START--
INFO: CheckRoute Behavior ::run [ RunTime:0.001809s ]
INFO: [ route_check ] --END-- [ RunTime:0.001944s ]
INFO: [ app_begin ] --START--
INFO: ReadHtmlCache Behavior ::run [ RunTime:0.001145s ]
INFO: [ app_begin ] --END-- [ RunTime:0.001241s ]
INFO: [ view_parse ] --START--
INFO: ParseTemplate Behavior ::run [ RunTime:0.018506s ]
INFO: [ view_parse ] --END-- [ RunTime:0.018623s ]
INFO: [ view_filter ] --START--
INFO: ContentReplace Behavior ::run [ RunTime:0.000991s ]
INFO: TokenBuild Behavior ::run [ RunTime:0.000992s ]
INFO: WriteHtmlCache Behavior ::run [ RunTime:0.001166s ]
INFO: ShowRuntime Behavior ::run [ RunTime:0.001192s ]
INFO: [ view_filter ] --END-- [ RunTime:0.004566s ]
INFO: [ view_end ] --START--
INFO: ShowPageTrace Behavior ::run [ RunTime:0.001198s ]
INFO: [ view_end ] --END-- [ RunTime:0.001271s ]

[ 2018-05-28T20:26:22+08:00 ] 127.0.0.1 /dailyUp/index.php/Login/verify
INFO: [ route_check ] --START--
INFO: CheckRoute Behavior ::run [ RunTime:0.001033s ]
INFO: [ route_check ] --END-- [ RunTime:0.001144s ]
INFO: [ app_begin ] --START--
INFO: ReadHtmlCache Behavior ::run [ RunTime:0.000715s ]
INFO: [ app_begin ] --END-- [ RunTime:0.000798s ]

[ 2018-05-28T20:26:35+08:00 ] 127.0.0.1 /dailyUp/index.php/Login/verify/0.8106163030060858
INFO: [ route_check ] --START--
INFO: CheckRoute Behavior ::run [ RunTime:0.001528s ]
INFO: [ route_check ] --END-- [ RunTime:0.001635s ]
INFO: [ app_begin ] --START--
INFO: ReadHtmlCache Behavior ::run [ RunTime:0.001133s ]
INFO: [ app_begin ] --END-- [ RunTime:0.001214s ]

[ 2018-05-28T20:26:41+08:00 ] 127.0.0.1 /dailyUp/index.php/Login/check
INFO: [ route_check ] --START--
INFO: CheckRoute Behavior ::run [ RunTime:0.000904s ]
INFO: [ route_check ] --END-- [ RunTime:0.000994s ]
INFO: [ app_begin ] --START--
INFO: ReadHtmlCache Behavior ::run [ RunTime:0.000711s ]
INFO: [ app_begin ] --END-- [ RunTime:0.000784s ]
SQL: SHOW COLUMNS FROM `user` [ RunTime:0.025134s ]
NOTIC: [8] Use of undefined constant fcode - assumed 'fcode' C:\AppServ\www\dailyUp\Home\Lib\Action\LoginAction.class.php 第 15 行.
NOTIC: [8] Use of undefined constant password - assumed 'password' C:\AppServ\www\dailyUp\Home\Lib\Action\LoginAction.class.php 第 16 行.
SQL: SELECT * FROM `user` WHERE ( `name` = 'jimmy' ) AND ( `password` = 'e10adc3949ba59abbe56e057f20f883e' ) LIMIT 1   [ RunTime:0.002097s ]

[ 2018-05-28T20:26:42+08:00 ] 127.0.0.1 /dailyUp/index.php/Index/index
INFO: [ route_check ] --START--
INFO: CheckRoute Behavior ::run [ RunTime:0.000962s ]
INFO: [ route_check ] --END-- [ RunTime:0.001082s ]
INFO: [ app_begin ] --START--
INFO: ReadHtmlCache Behavior ::run [ RunTime:0.000740s ]
INFO: [ app_begin ] --END-- [ RunTime:0.000831s ]
INFO: [ view_parse ] --START--
INFO: ParseTemplate Behavior ::run [ RunTime:0.009713s ]
INFO: [ view_parse ] --END-- [ RunTime:0.009822s ]
INFO: [ view_filter ] --START--
INFO: ContentReplace Behavior ::run [ RunTime:0.000506s ]
INFO: TokenBuild Behavior ::run [ RunTime:0.000495s ]
INFO: WriteHtmlCache Behavior ::run [ RunTime:0.000391s ]
INFO: ShowRuntime Behavior ::run [ RunTime:0.000558s ]
INFO: [ view_filter ] --END-- [ RunTime:0.002132s ]
INFO: [ view_end ] --START--
INFO: ShowPageTrace Behavior ::run [ RunTime:0.000733s ]
INFO: [ view_end ] --END-- [ RunTime:0.000796s ]

[ 2018-05-28T21:04:40+08:00 ] 127.0.0.1 /dailyUp/index.php/Login/logout
INFO: [ route_check ] --START--
INFO: CheckRoute Behavior ::run [ RunTime:0.014348s ]
INFO: [ route_check ] --END-- [ RunTime:0.014642s ]
INFO: [ app_begin ] --START--
INFO: ReadHtmlCache Behavior ::run [ RunTime:0.001455s ]
INFO: [ app_begin ] --END-- [ RunTime:0.001557s ]

[ 2018-05-28T21:04:40+08:00 ] 127.0.0.1 /dailyUp/index.php/Login/index
INFO: [ route_check ] --START--
INFO: CheckRoute Behavior ::run [ RunTime:0.001182s ]
INFO: [ route_check ] --END-- [ RunTime:0.001282s ]
INFO: [ app_begin ] --START--
INFO: ReadHtmlCache Behavior ::run [ RunTime:0.000884s ]
INFO: [ app_begin ] --END-- [ RunTime:0.000957s ]
INFO: [ view_parse ] --START--
INFO: ParseTemplate Behavior ::run [ RunTime:0.028754s ]
INFO: [ view_parse ] --END-- [ RunTime:0.028860s ]
INFO: [ view_filter ] --START--
INFO: ContentReplace Behavior ::run [ RunTime:0.001222s ]
INFO: TokenBuild Behavior ::run [ RunTime:0.001432s ]
INFO: WriteHtmlCache Behavior ::run [ RunTime:0.001162s ]
INFO: ShowRuntime Behavior ::run [ RunTime:0.001385s ]
INFO: [ view_filter ] --END-- [ RunTime:0.005413s ]
INFO: [ view_end ] --START--
INFO: ShowPageTrace Behavior ::run [ RunTime:0.003395s ]
INFO: [ view_end ] --END-- [ RunTime:0.003517s ]

[ 2018-05-28T21:04:41+08:00 ] 127.0.0.1 /dailyUp/index.php/Login/verify
INFO: [ route_check ] --START--
INFO: CheckRoute Behavior ::run [ RunTime:0.002507s ]
INFO: [ route_check ] --END-- [ RunTime:0.002715s ]
INFO: [ app_begin ] --START--
INFO: ReadHtmlCache Behavior ::run [ RunTime:0.003904s ]
INFO: [ app_begin ] --END-- [ RunTime:0.004141s ]

[ 2018-05-28T21:04:50+08:00 ] 127.0.0.1 /dailyUp/index.php/Login/verify/0.25393605001499187
INFO: [ route_check ] --START--
INFO: CheckRoute Behavior ::run [ RunTime:0.001720s ]
INFO: [ route_check ] --END-- [ RunTime:0.001848s ]
INFO: [ app_begin ] --START--
INFO: ReadHtmlCache Behavior ::run [ RunTime:0.001356s ]
INFO: [ app_begin ] --END-- [ RunTime:0.001434s ]

[ 2018-05-28T21:04:55+08:00 ] 127.0.0.1 /dailyUp/index.php/Login/check
INFO: [ route_check ] --START--
INFO: CheckRoute Behavior ::run [ RunTime:0.002256s ]
INFO: [ route_check ] --END-- [ RunTime:0.002440s ]
INFO: [ app_begin ] --START--
INFO: ReadHtmlCache Behavior ::run [ RunTime:0.001668s ]
INFO: [ app_begin ] --END-- [ RunTime:0.001800s ]
SQL: SHOW COLUMNS FROM `user` [ RunTime:0.005057s ]
NOTIC: [8] Use of undefined constant fcode - assumed 'fcode' C:\AppServ\www\dailyUp\Home\Lib\Action\LoginAction.class.php 第 15 行.
NOTIC: [8] Use of undefined constant password - assumed 'password' C:\AppServ\www\dailyUp\Home\Lib\Action\LoginAction.class.php 第 16 行.
SQL: SELECT * FROM `user` WHERE ( `name` = 'jimmy' ) AND ( `password` = 'e10adc3949ba59abbe56e057f20f883e' ) LIMIT 1   [ RunTime:0.000905s ]

[ 2018-05-28T21:04:56+08:00 ] 127.0.0.1 /dailyUp/index.php/Index/index
INFO: [ route_check ] --START--
INFO: CheckRoute Behavior ::run [ RunTime:0.001218s ]
INFO: [ route_check ] --END-- [ RunTime:0.001347s ]
INFO: [ app_begin ] --START--
INFO: ReadHtmlCache Behavior ::run [ RunTime:0.000972s ]
INFO: [ app_begin ] --END-- [ RunTime:0.001073s ]
SQL: SHOW COLUMNS FROM `class` [ RunTime:0.003164s ]
SQL: SELECT * FROM `class` WHERE ( id=1 )  [ RunTime:0.009120s ]

[ 2018-05-28T21:06:39+08:00 ] 127.0.0.1 /dailyUp/index.php/Index/index
INFO: [ route_check ] --START--
INFO: CheckRoute Behavior ::run [ RunTime:0.001267s ]
INFO: [ route_check ] --END-- [ RunTime:0.001387s ]
INFO: [ app_begin ] --START--
INFO: ReadHtmlCache Behavior ::run [ RunTime:0.000976s ]
INFO: [ app_begin ] --END-- [ RunTime:0.001061s ]
SQL: SHOW COLUMNS FROM `class` [ RunTime:0.003568s ]
SQL: SELECT * FROM `class` WHERE ( id=1 )  [ RunTime:0.001232s ]

[ 2018-05-28T21:26:21+08:00 ] 127.0.0.1 /dailyUp/index.php/Index/index
INFO: [ route_check ] --START--
INFO: CheckRoute Behavior ::run [ RunTime:0.001642s ]
INFO: [ route_check ] --END-- [ RunTime:0.001752s ]
INFO: [ app_begin ] --START--
INFO: ReadHtmlCache Behavior ::run [ RunTime:0.002627s ]
INFO: [ app_begin ] --END-- [ RunTime:0.002731s ]
SQL: SHOW COLUMNS FROM `class` [ RunTime:0.005663s ]
SQL: SELECT * FROM `class` WHERE ( id=1 )  [ RunTime:0.001367s ]
INFO: [ view_parse ] --START--
NOTIC: [8] Use of undefined constant name - assumed 'name' C:\AppServ\www\dailyUp\Home\Runtime\Cache\7e4848229090366086cc7eeb3bfc0798.php 第 22 行.
NOTIC: [8] Use of undefined constant subname - assumed 'subname' C:\AppServ\www\dailyUp\Home\Runtime\Cache\7e4848229090366086cc7eeb3bfc0798.php 第 23 行.
NOTIC: [8] Use of undefined constant calc - assumed 'calc' C:\AppServ\www\dailyUp\Home\Runtime\Cache\7e4848229090366086cc7eeb3bfc0798.php 第 24 行.
INFO: ParseTemplate Behavior ::run [ RunTime:0.021025s ]
INFO: [ view_parse ] --END-- [ RunTime:0.021137s ]
INFO: [ view_filter ] --START--
INFO: ContentReplace Behavior ::run [ RunTime:0.002041s ]
INFO: TokenBuild Behavior ::run [ RunTime:0.001433s ]
INFO: WriteHtmlCache Behavior ::run [ RunTime:0.001134s ]
INFO: ShowRuntime Behavior ::run [ RunTime:0.001320s ]
INFO: [ view_filter ] --END-- [ RunTime:0.006167s ]
INFO: [ view_end ] --START--
INFO: ShowPageTrace Behavior ::run [ RunTime:0.001423s ]
INFO: [ view_end ] --END-- [ RunTime:0.001495s ]

[ 2018-05-28T21:28:28+08:00 ] 127.0.0.1 /dailyUp/index.php/Index/index
INFO: [ route_check ] --START--
INFO: CheckRoute Behavior ::run [ RunTime:0.001693s ]
INFO: [ route_check ] --END-- [ RunTime:0.001807s ]
INFO: [ app_begin ] --START--
INFO: ReadHtmlCache Behavior ::run [ RunTime:0.001539s ]
INFO: [ app_begin ] --END-- [ RunTime:0.001636s ]
SQL: SHOW COLUMNS FROM `class` [ RunTime:0.003341s ]
SQL: SELECT * FROM `class` WHERE ( id=1 )  [ RunTime:0.001513s ]
INFO: [ view_parse ] --START--
NOTIC: [8] Use of undefined constant name - assumed 'name' C:\AppServ\www\dailyUp\Home\Runtime\Cache\7e4848229090366086cc7eeb3bfc0798.php 第 22 行.
NOTIC: [8] Use of undefined constant subname - assumed 'subname' C:\AppServ\www\dailyUp\Home\Runtime\Cache\7e4848229090366086cc7eeb3bfc0798.php 第 23 行.
NOTIC: [8] Use of undefined constant calc - assumed 'calc' C:\AppServ\www\dailyUp\Home\Runtime\Cache\7e4848229090366086cc7eeb3bfc0798.php 第 24 行.
INFO: ParseTemplate Behavior ::run [ RunTime:0.014189s ]
INFO: [ view_parse ] --END-- [ RunTime:0.014294s ]
INFO: [ view_filter ] --START--
INFO: ContentReplace Behavior ::run [ RunTime:0.001277s ]
INFO: TokenBuild Behavior ::run [ RunTime:0.001199s ]
INFO: WriteHtmlCache Behavior ::run [ RunTime:0.001072s ]
INFO: ShowRuntime Behavior ::run [ RunTime:0.001239s ]
INFO: [ view_filter ] --END-- [ RunTime:0.004983s ]
INFO: [ view_end ] --START--
INFO: ShowPageTrace Behavior ::run [ RunTime:0.001395s ]
INFO: [ view_end ] --END-- [ RunTime:0.001462s ]

[ 2018-05-28T21:31:02+08:00 ] 127.0.0.1 /dailyUp/index.php/Index/index
INFO: [ route_check ] --START--
INFO: CheckRoute Behavior ::run [ RunTime:0.001760s ]
INFO: [ route_check ] --END-- [ RunTime:0.001878s ]
INFO: [ app_begin ] --START--
INFO: ReadHtmlCache Behavior ::run [ RunTime:0.001427s ]
INFO: [ app_begin ] --END-- [ RunTime:0.001519s ]
SQL: SHOW COLUMNS FROM `class` [ RunTime:0.003107s ]
SQL: SELECT * FROM `class` WHERE ( id=1 )  [ RunTime:0.001080s ]
INFO: [ view_parse ] --START--
NOTIC: [8] Use of undefined constant name - assumed 'name' C:\AppServ\www\dailyUp\Home\Runtime\Cache\7e4848229090366086cc7eeb3bfc0798.php 第 22 行.
NOTIC: [8] Use of undefined constant subname - assumed 'subname' C:\AppServ\www\dailyUp\Home\Runtime\Cache\7e4848229090366086cc7eeb3bfc0798.php 第 23 行.
NOTIC: [8] Use of undefined constant calc - assumed 'calc' C:\AppServ\www\dailyUp\Home\Runtime\Cache\7e4848229090366086cc7eeb3bfc0798.php 第 24 行.
INFO: ParseTemplate Behavior ::run [ RunTime:0.014252s ]
INFO: [ view_parse ] --END-- [ RunTime:0.014353s ]
INFO: [ view_filter ] --START--
INFO: ContentReplace Behavior ::run [ RunTime:0.001244s ]
INFO: TokenBuild Behavior ::run [ RunTime:0.001174s ]
INFO: WriteHtmlCache Behavior ::run [ RunTime:0.001056s ]
INFO: ShowRuntime Behavior ::run [ RunTime:0.001244s ]
INFO: [ view_filter ] --END-- [ RunTime:0.004910s ]
INFO: [ view_end ] --START--
INFO: ShowPageTrace Behavior ::run [ RunTime:0.001702s ]
INFO: [ view_end ] --END-- [ RunTime:0.001793s ]

[ 2018-05-28T21:31:59+08:00 ] 127.0.0.1 /dailyUp/index.php/Index/index
INFO: [ route_check ] --START--
INFO: CheckRoute Behavior ::run [ RunTime:0.001720s ]
INFO: [ route_check ] --END-- [ RunTime:0.001846s ]
INFO: [ app_begin ] --START--
INFO: ReadHtmlCache Behavior ::run [ RunTime:0.001693s ]
INFO: [ app_begin ] --END-- [ RunTime:0.001800s ]
SQL: SHOW COLUMNS FROM `class` [ RunTime:0.003041s ]
SQL: SELECT * FROM `class` WHERE ( id=1 )  [ RunTime:0.001191s ]
INFO: [ view_parse ] --START--
NOTIC: [8] Use of undefined constant name - assumed 'name' C:\AppServ\www\dailyUp\Home\Runtime\Cache\7e4848229090366086cc7eeb3bfc0798.php 第 22 行.
NOTIC: [8] Use of undefined constant subname - assumed 'subname' C:\AppServ\www\dailyUp\Home\Runtime\Cache\7e4848229090366086cc7eeb3bfc0798.php 第 23 行.
NOTIC: [8] Use of undefined constant calc - assumed 'calc' C:\AppServ\www\dailyUp\Home\Runtime\Cache\7e4848229090366086cc7eeb3bfc0798.php 第 24 行.
INFO: ParseTemplate Behavior ::run [ RunTime:0.019401s ]
INFO: [ view_parse ] --END-- [ RunTime:0.019502s ]
INFO: [ view_filter ] --START--
INFO: ContentReplace Behavior ::run [ RunTime:0.001233s ]
INFO: TokenBuild Behavior ::run [ RunTime:0.001184s ]
INFO: WriteHtmlCache Behavior ::run [ RunTime:0.001066s ]
INFO: ShowRuntime Behavior ::run [ RunTime:0.001234s ]
INFO: [ view_filter ] --END-- [ RunTime:0.004912s ]
INFO: [ view_end ] --START--
INFO: ShowPageTrace Behavior ::run [ RunTime:0.001396s ]
INFO: [ view_end ] --END-- [ RunTime:0.001475s ]

[ 2018-05-28T21:33:09+08:00 ] 127.0.0.1 /dailyUp/index.php/Index/index
INFO: [ route_check ] --START--
INFO: CheckRoute Behavior ::run [ RunTime:0.002656s ]
INFO: [ route_check ] --END-- [ RunTime:0.002794s ]
INFO: [ app_begin ] --START--
INFO: ReadHtmlCache Behavior ::run [ RunTime:0.002295s ]
INFO: [ app_begin ] --END-- [ RunTime:0.002461s ]
SQL: SHOW COLUMNS FROM `class` [ RunTime:0.004455s ]
SQL: SELECT * FROM `class` WHERE ( id=1 )  [ RunTime:0.001796s ]

[ 2018-05-28T21:33:54+08:00 ] 127.0.0.1 /dailyUp/index.php/Index/index
INFO: [ route_check ] --START--
INFO: CheckRoute Behavior ::run [ RunTime:0.001180s ]
INFO: [ route_check ] --END-- [ RunTime:0.001279s ]
INFO: [ app_begin ] --START--
INFO: ReadHtmlCache Behavior ::run [ RunTime:0.001041s ]
INFO: [ app_begin ] --END-- [ RunTime:0.001136s ]
SQL: SHOW COLUMNS FROM `class` [ RunTime:0.003233s ]
SQL: SELECT * FROM `class` WHERE ( uid=1 )  [ RunTime:0.012597s ]
INFO: [ view_parse ] --START--
NOTIC: [8] Use of undefined constant name - assumed 'name' C:\AppServ\www\dailyUp\Home\Runtime\Cache\7e4848229090366086cc7eeb3bfc0798.php 第 22 行.
NOTIC: [8] Use of undefined constant subname - assumed 'subname' C:\AppServ\www\dailyUp\Home\Runtime\Cache\7e4848229090366086cc7eeb3bfc0798.php 第 23 行.
NOTIC: [8] Use of undefined constant calc - assumed 'calc' C:\AppServ\www\dailyUp\Home\Runtime\Cache\7e4848229090366086cc7eeb3bfc0798.php 第 24 行.
NOTIC: [8] Use of undefined constant name - assumed 'name' C:\AppServ\www\dailyUp\Home\Runtime\Cache\7e4848229090366086cc7eeb3bfc0798.php 第 22 行.
NOTIC: [8] Use of undefined constant subname - assumed 'subname' C:\AppServ\www\dailyUp\Home\Runtime\Cache\7e4848229090366086cc7eeb3bfc0798.php 第 23 行.
NOTIC: [8] Use of undefined constant calc - assumed 'calc' C:\AppServ\www\dailyUp\Home\Runtime\Cache\7e4848229090366086cc7eeb3bfc0798.php 第 24 行.
INFO: ParseTemplate Behavior ::run [ RunTime:0.015037s ]
INFO: [ view_parse ] --END-- [ RunTime:0.015144s ]
INFO: [ view_filter ] --START--
INFO: ContentReplace Behavior ::run [ RunTime:0.000794s ]
INFO: TokenBuild Behavior ::run [ RunTime:0.000749s ]
INFO: WriteHtmlCache Behavior ::run [ RunTime:0.000687s ]
INFO: ShowRuntime Behavior ::run [ RunTime:0.001499s ]
INFO: [ view_filter ] --END-- [ RunTime:0.004075s ]
INFO: [ view_end ] --START--
INFO: ShowPageTrace Behavior ::run [ RunTime:0.001262s ]
INFO: [ view_end ] --END-- [ RunTime:0.001393s ]

